Using pre-set license
Built from '2020.3/staging' branch; Version is '2020.3.20f1 (41c4e627c95f) revision 4310246'; Using compiler version '192528614'; Build Type 'Release'
OS: 'Windows 10 Home; OS build 19042.1288; Version 2009; 64bit' Language: 'en' Physical Memory: 8078 MB
BatchMode: 1, IsHumanControllingUs: 0, StartBugReporterOnCrash: 0, Is64bit: 1, IsPro: 0

COMMAND LINE ARGUMENTS:
C:\Program Files\Unity\Hub\Editor\2020.3.20f1\Editor\Unity.exe
-adb2
-batchMode
-noUpm
-name
AssetImportWorker0
-projectPath
C:/Users/elia0/OneDrive/Dokumenter/Tempurantur
-logFile
Logs/AssetImportWorker0.log
-srvPort
60962
Successfully changed project path to: C:/Users/elia0/OneDrive/Dokumenter/Tempurantur
C:/Users/elia0/OneDrive/Dokumenter/Tempurantur
Using Asset Import Pipeline V2.
Refreshing native plugins compatible for Editor in 56.17 ms, found 2 plugins.
Preloading 0 native plugins for Editor in 0.00 ms.
Initialize engine version: 2020.3.20f1 (41c4e627c95f)
[Subsystems] Discovering subsystems at path C:/Program Files/Unity/Hub/Editor/2020.3.20f1/Editor/Data/Resources/UnitySubsystems
[Subsystems] Discovering subsystems at path C:/Users/elia0/OneDrive/Dokumenter/Tempurantur/Assets
GfxDevice: creating device client; threaded=0
Direct3D:
    Version:  Direct3D 11.0 [level 11.1]
    Renderer: Intel(R) UHD Graphics 620 (ID=0x3ea0)
    Vendor:   
    VRAM:     4039 MB
    Driver:   27.20.100.8935
Initialize mono
Mono path[0] = 'C:/Program Files/Unity/Hub/Editor/2020.3.20f1/Editor/Data/Managed'
Mono path[1] = 'C:/Program Files/Unity/Hub/Editor/2020.3.20f1/Editor/Data/MonoBleedingEdge/lib/mono/unityjit'
Mono config path = 'C:/Program Files/Unity/Hub/Editor/2020.3.20f1/Editor/Data/MonoBleedingEdge/etc'
Using monoOptions --debugger-agent=transport=dt_socket,embedding=1,server=y,suspend=n,address=127.0.0.1:56660
Begin MonoManager ReloadAssembly
Registering precompiled unity dll's ...
Register platform support module: C:/Program Files/Unity/Hub/Editor/2020.3.20f1/Editor/Data/PlaybackEngines/WindowsStandaloneSupport/UnityEditor.WindowsStandalone.Extensions.dll
Registered in 0.003174 seconds.
Native extension for WindowsStandalone target not found
Refreshing native plugins compatible for Editor in 50.85 ms, found 2 plugins.
Preloading 0 native plugins for Editor in 0.00 ms.
Mono: successfully reloaded assembly
- Completed reload, in  1.891 seconds
Domain Reload Profiling:
	ReloadAssembly (1891ms)
		BeginReloadAssembly (87ms)
			ExecutionOrderSort (0ms)
			DisableScriptedObjects (0ms)
			BackupInstance (0ms)
			ReleaseScriptingObjects (0ms)
			CreateAndSetChildDomain (1ms)
		EndReloadAssembly (521ms)
			LoadAssemblies (83ms)
			RebuildTransferFunctionScriptingTraits (0ms)
			SetupTypeCache (180ms)
			ReleaseScriptCaches (0ms)
			RebuildScriptCaches (50ms)
			SetupLoadedEditorAssemblies (211ms)
				LogAssemblyErrors (0ms)
				InitializePlatformSupportModulesInManaged (5ms)
				SetLoadedEditorAssemblies (0ms)
				RefreshPlugins (51ms)
				BeforeProcessingInitializeOnLoad (18ms)
				ProcessInitializeOnLoadAttributes (100ms)
				ProcessInitializeOnLoadMethodAttributes (36ms)
				AfterProcessingInitializeOnLoad (0ms)
				EditorAssembliesLoaded (0ms)
			ExecutionOrderSort2 (0ms)
			AwakeInstancesAfterBackupRestoration (0ms)
Platform modules already initialized, skipping
Registering precompiled user dll's ...
Registered in 0.008449 seconds.
Begin MonoManager ReloadAssembly
Native extension for WindowsStandalone target not found
Refreshing native plugins compatible for Editor in 0.49 ms, found 2 plugins.
Preloading 0 native plugins for Editor in 0.00 ms.
Mono: successfully reloaded assembly
- Completed reload, in  1.225 seconds
Domain Reload Profiling:
	ReloadAssembly (1226ms)
		BeginReloadAssembly (148ms)
			ExecutionOrderSort (0ms)
			DisableScriptedObjects (5ms)
			BackupInstance (0ms)
			ReleaseScriptingObjects (0ms)
			CreateAndSetChildDomain (19ms)
		EndReloadAssembly (1014ms)
			LoadAssemblies (133ms)
			RebuildTransferFunctionScriptingTraits (0ms)
			SetupTypeCache (340ms)
			ReleaseScriptCaches (0ms)
			RebuildScriptCaches (45ms)
			SetupLoadedEditorAssemblies (396ms)
				LogAssemblyErrors (0ms)
				InitializePlatformSupportModulesInManaged (5ms)
				SetLoadedEditorAssemblies (0ms)
				RefreshPlugins (1ms)
				BeforeProcessingInitializeOnLoad (106ms)
				ProcessInitializeOnLoadAttributes (270ms)
				ProcessInitializeOnLoadMethodAttributes (6ms)
				AfterProcessingInitializeOnLoad (8ms)
				EditorAssembliesLoaded (0ms)
			ExecutionOrderSort2 (0ms)
			AwakeInstancesAfterBackupRestoration (8ms)
Platform modules already initialized, skipping
========================================================================
Worker process is ready to serve import requests
Launched and connected shader compiler UnityShaderCompiler.exe after 0.10 seconds
Refreshing native plugins compatible for Editor in 0.35 ms, found 2 plugins.
Preloading 0 native plugins for Editor in 0.00 ms.
Unloading 1761 Unused Serialized files (Serialized files now loaded: 0)
System memory in use before: 81.7 MB.
System memory in use after: 81.7 MB.

Unloading 17 unused Assets to reduce memory usage. Loaded Objects now: 2198.
Total: 3.928300 ms (FindLiveObjects: 0.171500 ms CreateObjectMapping: 0.052500 ms MarkObjects: 3.553400 ms  DeleteObjects: 0.149900 ms)

AssetImportParameters requested are different than current active one (requested -> active):
  custom:framework-win-MediaFoundation: 216162199b28c13a410421893ffa2e32 -> 
  custom:video-decoder-ogg-theora: a1e56fd34408186e4bbccfd4996cb3dc -> 
  custom:container-muxer-webm: aa71ff27fc2769a1b78a27578f13a17b -> 
  custom:container-demuxer-webm: 4f35f7cbe854078d1ac9338744f61a02 -> 
  custom:container-demuxer-ogg: 62fdf1f143b41e24485cea50d1cbac27 -> 
  custom:video-encoder-webm-vp8: eb34c28f22e8b96e1ab97ce403110664 -> 
  custom:video-decoder-webm-vp8: 9c59270c3fd7afecdb556c50c9e8de78 -> 
  custom:audio-decoder-ogg-vorbis: bf7c407c2cedff20999df2af8eb42d56 -> 
  custom:audio-encoder-webm-vorbis: bf7c407c2cedff20999df2af8eb42d56 -> 
========================================================================
Received Import Request.
  path: Assets/Leveldesign.png
  artifactKey: Guid(58deff29abdc7394994125a822b07406) Importer(815301076,1909f56bfc062723c751e8b465ee728b)
Start importing Assets/Leveldesign.png using Guid(58deff29abdc7394994125a822b07406) Importer(815301076,1909f56bfc062723c751e8b465ee728b)  -> (artifact id: '9981b85d140dc2bce217c4bf4d57df02') in 0.137205 seconds 
  Import took 0.152031 seconds .

========================================================================
Received Import Request.
  Time since last request: 39.101091 seconds.
  path: Assets/Prefabs
  artifactKey: Guid(96df3bf6dd6c7db4a9f6e9dca07fca3f) Importer(815301076,1909f56bfc062723c751e8b465ee728b)
Start importing Assets/Prefabs using Guid(96df3bf6dd6c7db4a9f6e9dca07fca3f) Importer(815301076,1909f56bfc062723c751e8b465ee728b)  -> (artifact id: 'f5d42262d6978b1d28dbf5f07aaf389f') in 0.014709 seconds 
  Import took 0.022362 seconds .

========================================================================
Received Import Request.
  Time since last request: 0.053450 seconds.
  path: Assets/Prefabs/Player.prefab
  artifactKey: Guid(f91e4f54c42299a4d82ddece66e10d57) Importer(815301076,1909f56bfc062723c751e8b465ee728b)
Start importing Assets/Prefabs/Player.prefab using Guid(f91e4f54c42299a4d82ddece66e10d57) Importer(815301076,1909f56bfc062723c751e8b465ee728b)  -> (artifact id: 'df1ac758352f26d5a2cb538831c8518a') in 0.314457 seconds 
  Import took 0.322633 seconds .

========================================================================
Received Import Request.
  Time since last request: 2.603781 seconds.
  path: Assets/Models
  artifactKey: Guid(bc4c0ac36491390479bab1834ac5b5b5) Importer(815301076,1909f56bfc062723c751e8b465ee728b)
Start importing Assets/Models using Guid(bc4c0ac36491390479bab1834ac5b5b5) Importer(815301076,1909f56bfc062723c751e8b465ee728b)  -> (artifact id: '4eff5b5d399555970b76d0edb94085c5') in 0.013777 seconds 
  Import took 0.025171 seconds .

========================================================================
Received Import Request.
  Time since last request: 3.700731 seconds.
  path: Assets/Scenes
  artifactKey: Guid(e7c20646b79f1104d9c2aabfe5274b5b) Importer(815301076,1909f56bfc062723c751e8b465ee728b)
Start importing Assets/Scenes using Guid(e7c20646b79f1104d9c2aabfe5274b5b) Importer(815301076,1909f56bfc062723c751e8b465ee728b)  -> (artifact id: 'fe8336556d852cf4952129ebd9f45024') in 0.010567 seconds 
  Import took 0.020874 seconds .

========================================================================
Received Import Request.
  Time since last request: 1.407279 seconds.
  path: Assets/Standard Assets
  artifactKey: Guid(cfb53bfdac6244c4f8a63e60a7e30156) Importer(815301076,1909f56bfc062723c751e8b465ee728b)
Start importing Assets/Standard Assets using Guid(cfb53bfdac6244c4f8a63e60a7e30156) Importer(815301076,1909f56bfc062723c751e8b465ee728b)  -> (artifact id: 'b58494a23fc2c8adf46c31d973fbc085') in 0.017100 seconds 
  Import took 0.025469 seconds .

========================================================================
Received Import Request.
  Time since last request: 0.844743 seconds.
  path: Assets/Technical laboratory designer-V1_Room
  artifactKey: Guid(146fa621063d13c489dae3a3b0a2a474) Importer(815301076,1909f56bfc062723c751e8b465ee728b)
Start importing Assets/Technical laboratory designer-V1_Room using Guid(146fa621063d13c489dae3a3b0a2a474) Importer(815301076,1909f56bfc062723c751e8b465ee728b)  -> (artifact id: 'f34657375b4c5661c39009e0d157b27e') in 0.027073 seconds 
  Import took 0.038935 seconds .

========================================================================
Received Import Request.
  Time since last request: 0.063566 seconds.
  path: Assets/Technical laboratory designer-V1_Room/Background 1.mat
  artifactKey: Guid(5494f509f236dfc489c3464e5586047e) Importer(815301076,1909f56bfc062723c751e8b465ee728b)
Start importing Assets/Technical laboratory designer-V1_Room/Background 1.mat using Guid(5494f509f236dfc489c3464e5586047e) Importer(815301076,1909f56bfc062723c751e8b465ee728b)  -> (artifact id: '161254466e981f0fedd6504946b0b1e5') in 0.171551 seconds 
  Import took 0.177280 seconds .

========================================================================
Received Import Request.
  Time since last request: 0.000312 seconds.
  path: Assets/Technical laboratory designer-V1_Room/Background 1.png
  artifactKey: Guid(ba73f235140071c4dafd7d2246c44b90) Importer(815301076,1909f56bfc062723c751e8b465ee728b)
Start importing Assets/Technical laboratory designer-V1_Room/Background 1.png using Guid(ba73f235140071c4dafd7d2246c44b90) Importer(815301076,1909f56bfc062723c751e8b465ee728b)  -> (artifact id: '1a881148919e35483db59d52b917052b') in 0.030605 seconds 
  Import took 0.046026 seconds .

========================================================================
Received Import Request.
  Time since last request: 18.356284 seconds.
  path: Assets/Technical laboratory designer-V1_Room/Prefabs
  artifactKey: Guid(cf85e06aab680af4b9fa4ab9998a0b03) Importer(815301076,1909f56bfc062723c751e8b465ee728b)
Start importing Assets/Technical laboratory designer-V1_Room/Prefabs using Guid(cf85e06aab680af4b9fa4ab9998a0b03) Importer(815301076,1909f56bfc062723c751e8b465ee728b)  -> (artifact id: '7a3c7d0b95993026b43465732f8991a8') in 0.008511 seconds 
  Import took 0.015906 seconds .

========================================================================
Received Import Request.
  Time since last request: 0.078849 seconds.
  path: Assets/Technical laboratory designer-V1_Room/Prefabs/ceiling_1-2.prefab
  artifactKey: Guid(ea2cd1846f306304bbe1ffcedbb819c7) Importer(815301076,1909f56bfc062723c751e8b465ee728b)
Start importing Assets/Technical laboratory designer-V1_Room/Prefabs/ceiling_1-2.prefab using Guid(ea2cd1846f306304bbe1ffcedbb819c7) Importer(815301076,1909f56bfc062723c751e8b465ee728b)  -> (artifact id: 'a898f739b005237ede70253678525c66') in 0.073744 seconds 
  Import took 0.080795 seconds .

========================================================================
Received Import Request.
  Time since last request: 0.000333 seconds.
  path: Assets/Technical laboratory designer-V1_Room/Prefabs/doorway_2-4.prefab
  artifactKey: Guid(42cdbd2d596a8744daf927b060eb1ffb) Importer(815301076,1909f56bfc062723c751e8b465ee728b)
Start importing Assets/Technical laboratory designer-V1_Room/Prefabs/doorway_2-4.prefab using Guid(42cdbd2d596a8744daf927b060eb1ffb) Importer(815301076,1909f56bfc062723c751e8b465ee728b)  -> (artifact id: 'b8d94d8af79b189df22b1cb7b9be47ed') in 0.046786 seconds 
  Import took 0.056793 seconds .

========================================================================
Received Import Request.
  Time since last request: 0.000285 seconds.
  path: Assets/Technical laboratory designer-V1_Room/Prefabs/ceiling_2-6.prefab
  artifactKey: Guid(1f5331f8e837dfd49a594d621d7b75b6) Importer(815301076,1909f56bfc062723c751e8b465ee728b)
Start importing Assets/Technical laboratory designer-V1_Room/Prefabs/ceiling_2-6.prefab using Guid(1f5331f8e837dfd49a594d621d7b75b6) Importer(815301076,1909f56bfc062723c751e8b465ee728b)  -> (artifact id: '968986ef53ca8025958e25f923e4aae8') in 0.062671 seconds 
  Import took 0.069786 seconds .

========================================================================
Received Import Request.
  Time since last request: 0.000226 seconds.
  path: Assets/Technical laboratory designer-V1_Room/Prefabs/Wall_1-4.prefab
  artifactKey: Guid(4ff6f15470d7c1a42a236d6249590dae) Importer(815301076,1909f56bfc062723c751e8b465ee728b)
Start importing Assets/Technical laboratory designer-V1_Room/Prefabs/Wall_1-4.prefab using Guid(4ff6f15470d7c1a42a236d6249590dae) Importer(815301076,1909f56bfc062723c751e8b465ee728b)  -> (artifact id: '252486ba809eef807e03f2ccc21d60fe') in 0.061198 seconds 
  Import took 0.067296 seconds .

========================================================================
Received Import Request.
  Time since last request: 0.000277 seconds.
  path: Assets/Technical laboratory designer-V1_Room/Prefabs/Lamp_1-3.prefab
  artifactKey: Guid(828276a091036a44e9782c03eacbe6f1) Importer(815301076,1909f56bfc062723c751e8b465ee728b)
Start importing Assets/Technical laboratory designer-V1_Room/Prefabs/Lamp_1-3.prefab using Guid(828276a091036a44e9782c03eacbe6f1) Importer(815301076,1909f56bfc062723c751e8b465ee728b)  -> (artifact id: '6de5490ee024c6bc5c09e76d55a55b54') in 0.061682 seconds 
  Import took 0.067240 seconds .

========================================================================
Received Import Request.
  Time since last request: 0.000331 seconds.
  path: Assets/Technical laboratory designer-V1_Room/Prefabs/Portable_wall.prefab
  artifactKey: Guid(3d7b7316ae89b0e4e88111499c1ba7f5) Importer(815301076,1909f56bfc062723c751e8b465ee728b)
Start importing Assets/Technical laboratory designer-V1_Room/Prefabs/Portable_wall.prefab using Guid(3d7b7316ae89b0e4e88111499c1ba7f5) Importer(815301076,1909f56bfc062723c751e8b465ee728b)  -> (artifact id: '6495100665baf36f96747d515a1368ed') in 0.057176 seconds 
  Import took 0.064273 seconds .

========================================================================
Received Import Request.
  Time since last request: 0.000233 seconds.
  path: Assets/Technical laboratory designer-V1_Room/Prefabs/floor_6-6.prefab
  artifactKey: Guid(b4bb0068f29ebb54487c4154fba6f55f) Importer(815301076,1909f56bfc062723c751e8b465ee728b)
Start importing Assets/Technical laboratory designer-V1_Room/Prefabs/floor_6-6.prefab using Guid(b4bb0068f29ebb54487c4154fba6f55f) Importer(815301076,1909f56bfc062723c751e8b465ee728b)  -> (artifact id: '4365364b1acf742a3fec9e6c7bd9c861') in 0.094820 seconds 
  Import took 0.101617 seconds .

========================================================================
Received Import Request.
  Time since last request: 0.000262 seconds.
  path: Assets/Technical laboratory designer-V1_Room/Prefabs/Wall_4-6.prefab
  artifactKey: Guid(e52890ebb21e7704b8a5193fa0865463) Importer(815301076,1909f56bfc062723c751e8b465ee728b)
Start importing Assets/Technical laboratory designer-V1_Room/Prefabs/Wall_4-6.prefab using Guid(e52890ebb21e7704b8a5193fa0865463) Importer(815301076,1909f56bfc062723c751e8b465ee728b)  -> (artifact id: '7c6b9af46f0b6f8d6c0dac603043aa53') in 0.057505 seconds 
  Import took 0.063739 seconds .

========================================================================
Received Import Request.
  Time since last request: 0.000217 seconds.
  path: Assets/Technical laboratory designer-V1_Room/Prefabs/ceiling_2-2.prefab
  artifactKey: Guid(6a505574226cba14e8279a4e2ec9e849) Importer(815301076,1909f56bfc062723c751e8b465ee728b)
Start importing Assets/Technical laboratory designer-V1_Room/Prefabs/ceiling_2-2.prefab using Guid(6a505574226cba14e8279a4e2ec9e849) Importer(815301076,1909f56bfc062723c751e8b465ee728b)  -> (artifact id: 'c0059253b46fe9dd63f917964de504ff') in 0.063933 seconds 
  Import took 0.071366 seconds .

========================================================================
Received Import Request.
  Time since last request: 0.000307 seconds.
  path: Assets/Technical laboratory designer-V1_Room/Prefabs/Wall_4-4.prefab
  artifactKey: Guid(a35c43ed8a4013b4fb40b938e414ff25) Importer(815301076,1909f56bfc062723c751e8b465ee728b)
Start importing Assets/Technical laboratory designer-V1_Room/Prefabs/Wall_4-4.prefab using Guid(a35c43ed8a4013b4fb40b938e414ff25) Importer(815301076,1909f56bfc062723c751e8b465ee728b)  -> (artifact id: '2f46aee0fb61cbcdec4ce1a5d77109d3') in 0.058948 seconds 
  Import took 0.066519 seconds .

========================================================================
Received Import Request.
  Time since last request: 0.000226 seconds.
  path: Assets/Technical laboratory designer-V1_Room/Prefabs/support.prefab
  artifactKey: Guid(0b9662d841a209a4e9138ee7c203c0e9) Importer(815301076,1909f56bfc062723c751e8b465ee728b)
Start importing Assets/Technical laboratory designer-V1_Room/Prefabs/support.prefab using Guid(0b9662d841a209a4e9138ee7c203c0e9) Importer(815301076,1909f56bfc062723c751e8b465ee728b)  -> (artifact id: '2d27582a7d82539f6adb133b4e8ef4cc') in 0.070030 seconds 
  Import took 0.077068 seconds .

========================================================================
Received Import Request.
  Time since last request: 0.000204 seconds.
  path: Assets/Technical laboratory designer-V1_Room/Prefabs/Lamp_1-1.prefab
  artifactKey: Guid(2b1146ffc6ea01e4bb2c86bdc19a332f) Importer(815301076,1909f56bfc062723c751e8b465ee728b)
Start importing Assets/Technical laboratory designer-V1_Room/Prefabs/Lamp_1-1.prefab using Guid(2b1146ffc6ea01e4bb2c86bdc19a332f) Importer(815301076,1909f56bfc062723c751e8b465ee728b)  -> (artifact id: 'fc970c0043b91dae625c372ef32fbde5') in 0.062792 seconds 
  Import took 0.069522 seconds .

========================================================================
Received Import Request.
  Time since last request: 0.000247 seconds.
  path: Assets/Technical laboratory designer-V1_Room/Prefabs/floor_4-6.prefab
  artifactKey: Guid(476aa7c6684630c4fb9e976857439619) Importer(815301076,1909f56bfc062723c751e8b465ee728b)
Start importing Assets/Technical laboratory designer-V1_Room/Prefabs/floor_4-6.prefab using Guid(476aa7c6684630c4fb9e976857439619) Importer(815301076,1909f56bfc062723c751e8b465ee728b)  -> (artifact id: 'df8fc3c046a469a4894c00746b7e6a60') in 0.068216 seconds 
  Import took 0.076099 seconds .

========================================================================
Received Import Request.
  Time since last request: 0.000307 seconds.
  path: Assets/Technical laboratory designer-V1_Room/Prefabs/doorway_4-4.prefab
  artifactKey: Guid(f3418d4e848286248b7f54af9ce7c818) Importer(815301076,1909f56bfc062723c751e8b465ee728b)
Start importing Assets/Technical laboratory designer-V1_Room/Prefabs/doorway_4-4.prefab using Guid(f3418d4e848286248b7f54af9ce7c818) Importer(815301076,1909f56bfc062723c751e8b465ee728b)  -> (artifact id: 'd22799d1d41ca8856a410e70bd4cf327') in 0.052761 seconds 
  Import took 0.060339 seconds .

========================================================================
Received Import Request.
  Time since last request: 0.000433 seconds.
  path: Assets/Technical laboratory designer-V1_Room/Prefabs/Wall_2-4.prefab
  artifactKey: Guid(537ce066f9e5e874c8efdb9782ee5f6b) Importer(815301076,1909f56bfc062723c751e8b465ee728b)
Start importing Assets/Technical laboratory designer-V1_Room/Prefabs/Wall_2-4.prefab using Guid(537ce066f9e5e874c8efdb9782ee5f6b) Importer(815301076,1909f56bfc062723c751e8b465ee728b)  -> (artifact id: '61e1c23ab5ce5795eb5535ea01bba1fe') in 0.057785 seconds 
  Import took 0.065927 seconds .

========================================================================
Received Prepare
Registering precompiled user dll's ...
Registered in 0.007767 seconds.
Begin MonoManager ReloadAssembly
Native extension for WindowsStandalone target not found
Refreshing native plugins compatible for Editor in 0.39 ms, found 2 plugins.
Preloading 0 native plugins for Editor in 0.00 ms.
Mono: successfully reloaded assembly
- Completed reload, in  1.100 seconds
Domain Reload Profiling:
	ReloadAssembly (1100ms)
		BeginReloadAssembly (138ms)
			ExecutionOrderSort (0ms)
			DisableScriptedObjects (4ms)
			BackupInstance (0ms)
			ReleaseScriptingObjects (0ms)
			CreateAndSetChildDomain (36ms)
		EndReloadAssembly (883ms)
			LoadAssemblies (114ms)
			RebuildTransferFunctionScriptingTraits (0ms)
			SetupTypeCache (304ms)
			ReleaseScriptCaches (1ms)
			RebuildScriptCaches (42ms)
			SetupLoadedEditorAssemblies (315ms)
				LogAssemblyErrors (0ms)
				InitializePlatformSupportModulesInManaged (5ms)
				SetLoadedEditorAssemblies (0ms)
				RefreshPlugins (0ms)
				BeforeProcessingInitializeOnLoad (85ms)
				ProcessInitializeOnLoadAttributes (213ms)
				ProcessInitializeOnLoadMethodAttributes (4ms)
				AfterProcessingInitializeOnLoad (7ms)
				EditorAssembliesLoaded (0ms)
			ExecutionOrderSort2 (0ms)
			AwakeInstancesAfterBackupRestoration (7ms)
Platform modules already initialized, skipping
Refreshing native plugins compatible for Editor in 0.52 ms, found 2 plugins.
Preloading 0 native plugins for Editor in 0.00 ms.
Unloading 1733 Unused Serialized files (Serialized files now loaded: 0)
System memory in use before: 82.7 MB.
System memory in use after: 82.8 MB.

Unloading 13 unused Assets to reduce memory usage. Loaded Objects now: 2243.
Total: 2.993000 ms (FindLiveObjects: 0.164800 ms CreateObjectMapping: 0.057900 ms MarkObjects: 2.662500 ms  DeleteObjects: 0.107100 ms)

AssetImportParameters requested are different than current active one (requested -> active):
  custom:framework-win-MediaFoundation: 216162199b28c13a410421893ffa2e32 -> 
  custom:video-decoder-ogg-theora: a1e56fd34408186e4bbccfd4996cb3dc -> 
  custom:container-muxer-webm: aa71ff27fc2769a1b78a27578f13a17b -> 
  custom:container-demuxer-webm: 4f35f7cbe854078d1ac9338744f61a02 -> 
  custom:container-demuxer-ogg: 62fdf1f143b41e24485cea50d1cbac27 -> 
  custom:video-encoder-webm-vp8: eb34c28f22e8b96e1ab97ce403110664 -> 
  custom:video-decoder-webm-vp8: 9c59270c3fd7afecdb556c50c9e8de78 -> 
  custom:audio-decoder-ogg-vorbis: bf7c407c2cedff20999df2af8eb42d56 -> 
  custom:audio-encoder-webm-vorbis: bf7c407c2cedff20999df2af8eb42d56 -> 
========================================================================
Received Import Request.
  Time since last request: 255.567691 seconds.
  path: Assets/Technical laboratory designer-V1_Room/Prefabs/floor_6-6.prefab
  artifactKey: Guid(b4bb0068f29ebb54487c4154fba6f55f) Importer(815301076,1909f56bfc062723c751e8b465ee728b)
Start importing Assets/Technical laboratory designer-V1_Room/Prefabs/floor_6-6.prefab using Guid(b4bb0068f29ebb54487c4154fba6f55f) Importer(815301076,1909f56bfc062723c751e8b465ee728b)  -> (artifact id: '0785a28e5377273f2c1242860e5836a8') in 0.102644 seconds 
  Import took 0.110869 seconds .

========================================================================
Received Import Request.
  Time since last request: 2.122753 seconds.
  path: Assets/Technical laboratory designer-V1_Room/Prefabs/floor_6-6.prefab
  artifactKey: Guid(b4bb0068f29ebb54487c4154fba6f55f) Importer(815301076,1909f56bfc062723c751e8b465ee728b)
Start importing Assets/Technical laboratory designer-V1_Room/Prefabs/floor_6-6.prefab using Guid(b4bb0068f29ebb54487c4154fba6f55f) Importer(815301076,1909f56bfc062723c751e8b465ee728b)  -> (artifact id: 'cbf40ba96082bce430e8feea86a35d8c') in 0.080641 seconds 
  Import took 0.088658 seconds .

========================================================================
Received Prepare
Registering precompiled user dll's ...
Registered in 0.003706 seconds.
Begin MonoManager ReloadAssembly
Native extension for WindowsStandalone target not found
Refreshing native plugins compatible for Editor in 0.46 ms, found 2 plugins.
Preloading 0 native plugins for Editor in 0.00 ms.
Mono: successfully reloaded assembly
- Completed reload, in  1.284 seconds
Domain Reload Profiling:
	ReloadAssembly (1284ms)
		BeginReloadAssembly (124ms)
			ExecutionOrderSort (0ms)
			DisableScriptedObjects (6ms)
			BackupInstance (0ms)
			ReleaseScriptingObjects (0ms)
			CreateAndSetChildDomain (34ms)
		EndReloadAssembly (1071ms)
			LoadAssemblies (115ms)
			RebuildTransferFunctionScriptingTraits (0ms)
			SetupTypeCache (369ms)
			ReleaseScriptCaches (1ms)
			RebuildScriptCaches (52ms)
			SetupLoadedEditorAssemblies (405ms)
				LogAssemblyErrors (0ms)
				InitializePlatformSupportModulesInManaged (5ms)
				SetLoadedEditorAssemblies (1ms)
				RefreshPlugins (1ms)
				BeforeProcessingInitializeOnLoad (114ms)
				ProcessInitializeOnLoadAttributes (271ms)
				ProcessInitializeOnLoadMethodAttributes (6ms)
				AfterProcessingInitializeOnLoad (8ms)
				EditorAssembliesLoaded (0ms)
			ExecutionOrderSort2 (0ms)
			AwakeInstancesAfterBackupRestoration (11ms)
Platform modules already initialized, skipping
Refreshing native plugins compatible for Editor in 0.43 ms, found 2 plugins.
Preloading 0 native plugins for Editor in 0.00 ms.
Unloading 1733 Unused Serialized files (Serialized files now loaded: 0)
System memory in use before: 82.8 MB.
System memory in use after: 82.8 MB.

Unloading 12 unused Assets to reduce memory usage. Loaded Objects now: 2246.
Total: 3.849600 ms (FindLiveObjects: 0.281000 ms CreateObjectMapping: 0.091800 ms MarkObjects: 3.351200 ms  DeleteObjects: 0.123800 ms)

AssetImportParameters requested are different than current active one (requested -> active):
  custom:framework-win-MediaFoundation: 216162199b28c13a410421893ffa2e32 -> 
  custom:video-decoder-ogg-theora: a1e56fd34408186e4bbccfd4996cb3dc -> 
  custom:container-muxer-webm: aa71ff27fc2769a1b78a27578f13a17b -> 
  custom:container-demuxer-webm: 4f35f7cbe854078d1ac9338744f61a02 -> 
  custom:container-demuxer-ogg: 62fdf1f143b41e24485cea50d1cbac27 -> 
  custom:video-encoder-webm-vp8: eb34c28f22e8b96e1ab97ce403110664 -> 
  custom:video-decoder-webm-vp8: 9c59270c3fd7afecdb556c50c9e8de78 -> 
  custom:audio-decoder-ogg-vorbis: bf7c407c2cedff20999df2af8eb42d56 -> 
  custom:audio-encoder-webm-vorbis: bf7c407c2cedff20999df2af8eb42d56 -> 
========================================================================
Received Import Request.
  Time since last request: 47.890530 seconds.
  path: Assets/Technical laboratory designer-V1_Room/Prefabs/Wall_4-6.prefab
  artifactKey: Guid(e52890ebb21e7704b8a5193fa0865463) Importer(815301076,1909f56bfc062723c751e8b465ee728b)
Start importing Assets/Technical laboratory designer-V1_Room/Prefabs/Wall_4-6.prefab using Guid(e52890ebb21e7704b8a5193fa0865463) Importer(815301076,1909f56bfc062723c751e8b465ee728b)  -> (artifact id: '3abe1a9a6b31cb8c8612fe98dbfd5cb6') in 0.096408 seconds 
  Import took 0.103301 seconds .

========================================================================
Received Import Request.
  Time since last request: 2.538979 seconds.
  path: Assets/Technical laboratory designer-V1_Room/Prefabs/Wall_4-6.prefab
  artifactKey: Guid(e52890ebb21e7704b8a5193fa0865463) Importer(815301076,1909f56bfc062723c751e8b465ee728b)
Start importing Assets/Technical laboratory designer-V1_Room/Prefabs/Wall_4-6.prefab using Guid(e52890ebb21e7704b8a5193fa0865463) Importer(815301076,1909f56bfc062723c751e8b465ee728b)  -> (artifact id: 'b42d89d63411e47166152be6d3821fa9') in 0.060832 seconds 
  Import took 0.068638 seconds .

========================================================================
Received Import Request.
  Time since last request: 3.751622 seconds.
  path: Assets/Technical laboratory designer-V1_Room/Prefabs/Wall_4-6.prefab
  artifactKey: Guid(e52890ebb21e7704b8a5193fa0865463) Importer(815301076,1909f56bfc062723c751e8b465ee728b)
Start importing Assets/Technical laboratory designer-V1_Room/Prefabs/Wall_4-6.prefab using Guid(e52890ebb21e7704b8a5193fa0865463) Importer(815301076,1909f56bfc062723c751e8b465ee728b)  -> (artifact id: '7131c52038d5fe80fbcb4cac066e4864') in 0.052242 seconds 
  Import took 0.058878 seconds .

========================================================================
Received Import Request.
  Time since last request: 12.542140 seconds.
  path: Assets/Technical laboratory designer-V1_Room/Prefabs/Wall_4-6.prefab
  artifactKey: Guid(e52890ebb21e7704b8a5193fa0865463) Importer(815301076,1909f56bfc062723c751e8b465ee728b)
Start importing Assets/Technical laboratory designer-V1_Room/Prefabs/Wall_4-6.prefab using Guid(e52890ebb21e7704b8a5193fa0865463) Importer(815301076,1909f56bfc062723c751e8b465ee728b)  -> (artifact id: 'bdee4936032509e422a3d04e86c1b14a') in 0.049933 seconds 
  Import took 0.059147 seconds .

========================================================================
Received Import Request.
  Time since last request: 22.161220 seconds.
  path: Assets/Technical laboratory designer-V1_Room/Prefabs/Wall_4-6.prefab
  artifactKey: Guid(e52890ebb21e7704b8a5193fa0865463) Importer(815301076,1909f56bfc062723c751e8b465ee728b)
Start importing Assets/Technical laboratory designer-V1_Room/Prefabs/Wall_4-6.prefab using Guid(e52890ebb21e7704b8a5193fa0865463) Importer(815301076,1909f56bfc062723c751e8b465ee728b)  -> (artifact id: '102bd1d3dd507c9724448bfeacddd381') in 0.049333 seconds 
  Import took 0.057149 seconds .

========================================================================
Received Import Request.
  Time since last request: 3.987466 seconds.
  path: Assets/Technical laboratory designer-V1_Room/Prefabs/Wall_4-6.prefab
  artifactKey: Guid(e52890ebb21e7704b8a5193fa0865463) Importer(815301076,1909f56bfc062723c751e8b465ee728b)
Start importing Assets/Technical laboratory designer-V1_Room/Prefabs/Wall_4-6.prefab using Guid(e52890ebb21e7704b8a5193fa0865463) Importer(815301076,1909f56bfc062723c751e8b465ee728b)  -> (artifact id: 'c2320d5d4b2771a150c5b56553955b69') in 0.046066 seconds 
  Import took 0.053460 seconds .

========================================================================
Received Import Request.
  Time since last request: 8.260694 seconds.
  path: Assets/Technical laboratory designer-V1_Room/Prefabs/Wall_4-6.prefab
  artifactKey: Guid(e52890ebb21e7704b8a5193fa0865463) Importer(815301076,1909f56bfc062723c751e8b465ee728b)
Start importing Assets/Technical laboratory designer-V1_Room/Prefabs/Wall_4-6.prefab using Guid(e52890ebb21e7704b8a5193fa0865463) Importer(815301076,1909f56bfc062723c751e8b465ee728b)  -> (artifact id: 'd89cba88195de8d1369c1189c22c6f63') in 0.044021 seconds 
  Import took 0.050253 seconds .

========================================================================
Received Import Request.
  Time since last request: 3.185455 seconds.
  path: Assets/Technical laboratory designer-V1_Room/Prefabs/Wall_4-6.prefab
  artifactKey: Guid(e52890ebb21e7704b8a5193fa0865463) Importer(815301076,1909f56bfc062723c751e8b465ee728b)
Start importing Assets/Technical laboratory designer-V1_Room/Prefabs/Wall_4-6.prefab using Guid(e52890ebb21e7704b8a5193fa0865463) Importer(815301076,1909f56bfc062723c751e8b465ee728b)  -> (artifact id: 'edb84bb0a9de15ce938364492b396a34') in 0.055606 seconds 
  Import took 0.063508 seconds .

========================================================================
Received Import Request.
  Time since last request: 4.386781 seconds.
  path: Assets/Technical laboratory designer-V1_Room/Prefabs/Wall_4-6.prefab
  artifactKey: Guid(e52890ebb21e7704b8a5193fa0865463) Importer(815301076,1909f56bfc062723c751e8b465ee728b)
Start importing Assets/Technical laboratory designer-V1_Room/Prefabs/Wall_4-6.prefab using Guid(e52890ebb21e7704b8a5193fa0865463) Importer(815301076,1909f56bfc062723c751e8b465ee728b)  -> (artifact id: 'd0e1ff157af454c8eb32e3124d540471') in 0.052278 seconds 
  Import took 0.059881 seconds .

========================================================================
Received Import Request.
  Time since last request: 13.721621 seconds.
  path: Assets/Technical laboratory designer-V1_Room/Prefabs/Wall_4-6.prefab
  artifactKey: Guid(e52890ebb21e7704b8a5193fa0865463) Importer(815301076,1909f56bfc062723c751e8b465ee728b)
Start importing Assets/Technical laboratory designer-V1_Room/Prefabs/Wall_4-6.prefab using Guid(e52890ebb21e7704b8a5193fa0865463) Importer(815301076,1909f56bfc062723c751e8b465ee728b)  -> (artifact id: 'ff5e5b146cff9bea27243f25c97fb6a2') in 0.040872 seconds 
  Import took 0.049114 seconds .

========================================================================
Received Import Request.
  Time since last request: 4.058291 seconds.
  path: Assets/Technical laboratory designer-V1_Room/Prefabs/Wall_4-6.prefab
  artifactKey: Guid(e52890ebb21e7704b8a5193fa0865463) Importer(815301076,1909f56bfc062723c751e8b465ee728b)
Start importing Assets/Technical laboratory designer-V1_Room/Prefabs/Wall_4-6.prefab using Guid(e52890ebb21e7704b8a5193fa0865463) Importer(815301076,1909f56bfc062723c751e8b465ee728b)  -> (artifact id: '307e12a63b8c7e63dc872adc9d1f41d3') in 0.045366 seconds 
  Import took 0.053389 seconds .

========================================================================
Received Import Request.
  Time since last request: 5.857541 seconds.
  path: Assets/Technical laboratory designer-V1_Room/Prefabs/Wall_4-6.prefab
  artifactKey: Guid(e52890ebb21e7704b8a5193fa0865463) Importer(815301076,1909f56bfc062723c751e8b465ee728b)
Start importing Assets/Technical laboratory designer-V1_Room/Prefabs/Wall_4-6.prefab using Guid(e52890ebb21e7704b8a5193fa0865463) Importer(815301076,1909f56bfc062723c751e8b465ee728b)  -> (artifact id: '6caeb0374995d6d067b422c2b311de19') in 0.051192 seconds 
  Import took 0.060571 seconds .

========================================================================
Received Import Request.
  Time since last request: 5.509568 seconds.
  path: Assets/Technical laboratory designer-V1_Room/Prefabs/Wall_4-6.prefab
  artifactKey: Guid(e52890ebb21e7704b8a5193fa0865463) Importer(815301076,1909f56bfc062723c751e8b465ee728b)
Start importing Assets/Technical laboratory designer-V1_Room/Prefabs/Wall_4-6.prefab using Guid(e52890ebb21e7704b8a5193fa0865463) Importer(815301076,1909f56bfc062723c751e8b465ee728b)  -> (artifact id: 'ef08142ba1091fd14c9b9a93d5dbbf31') in 0.058760 seconds 
  Import took 0.067583 seconds .

========================================================================
Received Import Request.
  Time since last request: 6.306859 seconds.
  path: Assets/Technical laboratory designer-V1_Room/Prefabs/Wall_4-6.prefab
  artifactKey: Guid(e52890ebb21e7704b8a5193fa0865463) Importer(815301076,1909f56bfc062723c751e8b465ee728b)
Start importing Assets/Technical laboratory designer-V1_Room/Prefabs/Wall_4-6.prefab using Guid(e52890ebb21e7704b8a5193fa0865463) Importer(815301076,1909f56bfc062723c751e8b465ee728b)  -> (artifact id: '25027b85f3c084b0beecfe497164f387') in 0.052349 seconds 
  Import took 0.059797 seconds .

========================================================================
Received Import Request.
  Time since last request: 3.581860 seconds.
  path: Assets/Technical laboratory designer-V1_Room/Prefabs/Wall_4-6.prefab
  artifactKey: Guid(e52890ebb21e7704b8a5193fa0865463) Importer(815301076,1909f56bfc062723c751e8b465ee728b)
Start importing Assets/Technical laboratory designer-V1_Room/Prefabs/Wall_4-6.prefab using Guid(e52890ebb21e7704b8a5193fa0865463) Importer(815301076,1909f56bfc062723c751e8b465ee728b)  -> (artifact id: 'f74ad916308a0a943a0ef40d4bf888ad') in 0.049529 seconds 
  Import took 0.056325 seconds .

========================================================================
Received Import Request.
  Time since last request: 5.789114 seconds.
  path: Assets/Technical laboratory designer-V1_Room/Prefabs/Wall_4-6.prefab
  artifactKey: Guid(e52890ebb21e7704b8a5193fa0865463) Importer(815301076,1909f56bfc062723c751e8b465ee728b)
Start importing Assets/Technical laboratory designer-V1_Room/Prefabs/Wall_4-6.prefab using Guid(e52890ebb21e7704b8a5193fa0865463) Importer(815301076,1909f56bfc062723c751e8b465ee728b)  -> (artifact id: '319ea004d54e92884de867d52310ab18') in 0.051511 seconds 
  Import took 0.059155 seconds .

========================================================================
Received Import Request.
  Time since last request: 2.971917 seconds.
  path: Assets/Technical laboratory designer-V1_Room/Prefabs/Wall_4-6.prefab
  artifactKey: Guid(e52890ebb21e7704b8a5193fa0865463) Importer(815301076,1909f56bfc062723c751e8b465ee728b)
Start importing Assets/Technical laboratory designer-V1_Room/Prefabs/Wall_4-6.prefab using Guid(e52890ebb21e7704b8a5193fa0865463) Importer(815301076,1909f56bfc062723c751e8b465ee728b)  -> (artifact id: '55b77c0047873fd3258945ae6e157b5a') in 0.059662 seconds 
  Import took 0.065729 seconds .

========================================================================
Received Import Request.
  Time since last request: 3.163817 seconds.
  path: Assets/Technical laboratory designer-V1_Room/Prefabs/Wall_4-6.prefab
  artifactKey: Guid(e52890ebb21e7704b8a5193fa0865463) Importer(815301076,1909f56bfc062723c751e8b465ee728b)
Start importing Assets/Technical laboratory designer-V1_Room/Prefabs/Wall_4-6.prefab using Guid(e52890ebb21e7704b8a5193fa0865463) Importer(815301076,1909f56bfc062723c751e8b465ee728b)  -> (artifact id: '6d5cadbf2c2839ab2866196a56db0e4c') in 0.052350 seconds 
  Import took 0.057571 seconds .

========================================================================
Received Prepare
Registering precompiled user dll's ...
Registered in 0.004358 seconds.
Begin MonoManager ReloadAssembly
Native extension for WindowsStandalone target not found
Refreshing native plugins compatible for Editor in 0.42 ms, found 2 plugins.
Preloading 0 native plugins for Editor in 0.00 ms.
Mono: successfully reloaded assembly
- Completed reload, in  1.454 seconds
Domain Reload Profiling:
	ReloadAssembly (1454ms)
		BeginReloadAssembly (147ms)
			ExecutionOrderSort (0ms)
			DisableScriptedObjects (4ms)
			BackupInstance (0ms)
			ReleaseScriptingObjects (0ms)
			CreateAndSetChildDomain (39ms)
		EndReloadAssembly (1219ms)
			LoadAssemblies (164ms)
			RebuildTransferFunctionScriptingTraits (0ms)
			SetupTypeCache (376ms)
			ReleaseScriptCaches (1ms)
			RebuildScriptCaches (42ms)
			SetupLoadedEditorAssemblies (516ms)
				LogAssemblyErrors (0ms)
				InitializePlatformSupportModulesInManaged (6ms)
				SetLoadedEditorAssemblies (1ms)
				RefreshPlugins (0ms)
				BeforeProcessingInitializeOnLoad (86ms)
				ProcessInitializeOnLoadAttributes (392ms)
				ProcessInitializeOnLoadMethodAttributes (14ms)
				AfterProcessingInitializeOnLoad (15ms)
				EditorAssembliesLoaded (0ms)
			ExecutionOrderSort2 (0ms)
			AwakeInstancesAfterBackupRestoration (18ms)
Platform modules already initialized, skipping
Refreshing native plugins compatible for Editor in 0.39 ms, found 2 plugins.
Preloading 0 native plugins for Editor in 0.00 ms.
Unloading 1733 Unused Serialized files (Serialized files now loaded: 0)
System memory in use before: 82.8 MB.
System memory in use after: 82.9 MB.

Unloading 12 unused Assets to reduce memory usage. Loaded Objects now: 2249.
Total: 3.205000 ms (FindLiveObjects: 0.188200 ms CreateObjectMapping: 0.059000 ms MarkObjects: 2.853800 ms  DeleteObjects: 0.101300 ms)

AssetImportParameters requested are different than current active one (requested -> active):
  custom:framework-win-MediaFoundation: 216162199b28c13a410421893ffa2e32 -> 
  custom:video-decoder-ogg-theora: a1e56fd34408186e4bbccfd4996cb3dc -> 
  custom:container-muxer-webm: aa71ff27fc2769a1b78a27578f13a17b -> 
  custom:container-demuxer-webm: 4f35f7cbe854078d1ac9338744f61a02 -> 
  custom:container-demuxer-ogg: 62fdf1f143b41e24485cea50d1cbac27 -> 
  custom:video-encoder-webm-vp8: eb34c28f22e8b96e1ab97ce403110664 -> 
  custom:video-decoder-webm-vp8: 9c59270c3fd7afecdb556c50c9e8de78 -> 
  custom:audio-decoder-ogg-vorbis: bf7c407c2cedff20999df2af8eb42d56 -> 
  custom:audio-encoder-webm-vorbis: bf7c407c2cedff20999df2af8eb42d56 -> 
========================================================================
Received Import Request.
  Time since last request: 556.401175 seconds.
  path: Assets/Technical laboratory designer-V1_Room/3d/Technical laboratory designer-V1_Room.FBX
  artifactKey: Guid(ffad064668ec02446b5c0e21cb59764d) Importer(815301076,1909f56bfc062723c751e8b465ee728b)
Start importing Assets/Technical laboratory designer-V1_Room/3d/Technical laboratory designer-V1_Room.FBX using Guid(ffad064668ec02446b5c0e21cb59764d) Importer(815301076,1909f56bfc062723c751e8b465ee728b)  -> (artifact id: 'ed4c4f44dbc6b603386ac153c71d80a8') in 0.518086 seconds 
  Import took 0.526938 seconds .

========================================================================
Received Import Request.
  Time since last request: 0.000289 seconds.
  path: Assets/Technical laboratory designer-V1_Room/Materials/material-2.mat
  artifactKey: Guid(59900b2dac084664cb68c33f5a93ae3f) Importer(815301076,1909f56bfc062723c751e8b465ee728b)
Start importing Assets/Technical laboratory designer-V1_Room/Materials/material-2.mat using Guid(59900b2dac084664cb68c33f5a93ae3f) Importer(815301076,1909f56bfc062723c751e8b465ee728b)  -> (artifact id: '100ccac5f1046dcf2ed80a4136801d40') in 0.076564 seconds 
  Import took 0.082675 seconds .

========================================================================
Received Import Request.
  Time since last request: 0.000274 seconds.
  path: Assets/Technical laboratory designer-V1_Room/Materials/material-1.mat
  artifactKey: Guid(57176a3ba506402438fd1d1b540d5926) Importer(815301076,1909f56bfc062723c751e8b465ee728b)
Start importing Assets/Technical laboratory designer-V1_Room/Materials/material-1.mat using Guid(57176a3ba506402438fd1d1b540d5926) Importer(815301076,1909f56bfc062723c751e8b465ee728b)  -> (artifact id: '31bddc5b2736d1564837e001171829bf') in 0.077709 seconds 
  Import took 0.083062 seconds .

========================================================================
Received Import Request.
  Time since last request: 0.000258 seconds.
  path: Assets/Technical laboratory designer-V1_Room/Materials/Floor.mat
  artifactKey: Guid(6b136784cf61ad74b89352220bb69fe7) Importer(815301076,1909f56bfc062723c751e8b465ee728b)
Start importing Assets/Technical laboratory designer-V1_Room/Materials/Floor.mat using Guid(6b136784cf61ad74b89352220bb69fe7) Importer(815301076,1909f56bfc062723c751e8b465ee728b)  -> (artifact id: 'a811a573d6b1d7d61ec2e54d65c99f48') in 0.062615 seconds 
  Import took 0.068797 seconds .

========================================================================
Received Import Request.
  Time since last request: 38.373042 seconds.
  path: Assets/Technical laboratory designer-V1_Room/Textures/dla-zbr_Pol_AlbedoTransparency.png
  artifactKey: Guid(ee908f13ee323f74cb00f9eeffcba2cf) Importer(815301076,1909f56bfc062723c751e8b465ee728b)
Start importing Assets/Technical laboratory designer-V1_Room/Textures/dla-zbr_Pol_AlbedoTransparency.png using Guid(ee908f13ee323f74cb00f9eeffcba2cf) Importer(815301076,1909f56bfc062723c751e8b465ee728b)  -> (artifact id: 'd9f278c135ab78a6f4a8a476bbee1920') in 0.035985 seconds 
  Import took 0.042509 seconds .

========================================================================
Received Import Request.
  Time since last request: 0.000304 seconds.
  path: Assets/Technical laboratory designer-V1_Room/Textures/Occlusion.png
  artifactKey: Guid(58d80dfd3023a9f4b837b7fdb4ac1c4e) Importer(815301076,1909f56bfc062723c751e8b465ee728b)
Start importing Assets/Technical laboratory designer-V1_Room/Textures/Occlusion.png using Guid(58d80dfd3023a9f4b837b7fdb4ac1c4e) Importer(815301076,1909f56bfc062723c751e8b465ee728b)  -> (artifact id: '16a532489f2c137051db0d63500d3e70') in 0.035755 seconds 
  Import took 0.041675 seconds .

========================================================================
Received Import Request.
  Time since last request: 0.000375 seconds.
  path: Assets/Technical laboratory designer-V1_Room/Textures/dla-zbr_steni_SpecularSmoothness.png
  artifactKey: Guid(3656e9f64ceb42941bebffbcec397d4c) Importer(815301076,1909f56bfc062723c751e8b465ee728b)
Start importing Assets/Technical laboratory designer-V1_Room/Textures/dla-zbr_steni_SpecularSmoothness.png using Guid(3656e9f64ceb42941bebffbcec397d4c) Importer(815301076,1909f56bfc062723c751e8b465ee728b)  -> (artifact id: 'db7e98588f8c23eea93bba7ac8b0c19b') in 0.034902 seconds 
  Import took 0.042518 seconds .

========================================================================
Received Import Request.
  Time since last request: 0.000401 seconds.
  path: Assets/Technical laboratory designer-V1_Room/Textures/dla-zbr_Pol_SpecularSmoothness.png
  artifactKey: Guid(5c56c520cd6ae3a4abbfcc3acb71cedb) Importer(815301076,1909f56bfc062723c751e8b465ee728b)
Start importing Assets/Technical laboratory designer-V1_Room/Textures/dla-zbr_Pol_SpecularSmoothness.png using Guid(5c56c520cd6ae3a4abbfcc3acb71cedb) Importer(815301076,1909f56bfc062723c751e8b465ee728b)  -> (artifact id: '0cb23eee2cb5b2ada2a1743e08f36f81') in 0.049102 seconds 
  Import took 0.056940 seconds .

========================================================================
Received Import Request.
  Time since last request: 0.000549 seconds.
  path: Assets/Technical laboratory designer-V1_Room/Textures/dla-zbr_Pol_Normal.png
  artifactKey: Guid(fb9c72a7a9060b9419cd4947b696552d) Importer(815301076,1909f56bfc062723c751e8b465ee728b)
Start importing Assets/Technical laboratory designer-V1_Room/Textures/dla-zbr_Pol_Normal.png using Guid(fb9c72a7a9060b9419cd4947b696552d) Importer(815301076,1909f56bfc062723c751e8b465ee728b)  -> (artifact id: '6d92824dc66f2533f973dd2e7e0f1b54') in 0.071361 seconds 
  Import took 0.076095 seconds .

========================================================================
Received Import Request.
  Time since last request: 0.000297 seconds.
  path: Assets/Technical laboratory designer-V1_Room/Textures/Occlusion_0.png
  artifactKey: Guid(6b7e126c8388dd54b819adb486bc17a6) Importer(815301076,1909f56bfc062723c751e8b465ee728b)
Start importing Assets/Technical laboratory designer-V1_Room/Textures/Occlusion_0.png using Guid(6b7e126c8388dd54b819adb486bc17a6) Importer(815301076,1909f56bfc062723c751e8b465ee728b)  -> (artifact id: '17b973b3e9cdc344d78364f88ee293b2') in 0.034412 seconds 
  Import took 0.040016 seconds .

========================================================================
Received Import Request.
  Time since last request: 0.000432 seconds.
  path: Assets/Technical laboratory designer-V1_Room/Textures/dla-zbr_steni_Normal.png
  artifactKey: Guid(1394b0bd97f6fe2449cebef7d19d2ef2) Importer(815301076,1909f56bfc062723c751e8b465ee728b)
Start importing Assets/Technical laboratory designer-V1_Room/Textures/dla-zbr_steni_Normal.png using Guid(1394b0bd97f6fe2449cebef7d19d2ef2) Importer(815301076,1909f56bfc062723c751e8b465ee728b)  -> (artifact id: 'a313b1737268eafdd3294e4bfeccc9c8') in 0.038518 seconds 
  Import took 0.045966 seconds .

========================================================================
Received Import Request.
  Time since last request: 0.000256 seconds.
  path: Assets/Technical laboratory designer-V1_Room/Textures/dla-zbr_steni_Emission.png
  artifactKey: Guid(e7534c5265dcaeb418085cbf70070594) Importer(815301076,1909f56bfc062723c751e8b465ee728b)
Start importing Assets/Technical laboratory designer-V1_Room/Textures/dla-zbr_steni_Emission.png using Guid(e7534c5265dcaeb418085cbf70070594) Importer(815301076,1909f56bfc062723c751e8b465ee728b)  -> (artifact id: 'd577e56410bcf67d22ff67c55f99a42a') in 0.033093 seconds 
  Import took 0.039735 seconds .

========================================================================
Received Import Request.
  Time since last request: 0.000424 seconds.
  path: Assets/Technical laboratory designer-V1_Room/Textures/dla-zbr_steni_AlbedoTransparency.png
  artifactKey: Guid(bc974130ac081324ea76b262ad18efec) Importer(815301076,1909f56bfc062723c751e8b465ee728b)
Start importing Assets/Technical laboratory designer-V1_Room/Textures/dla-zbr_steni_AlbedoTransparency.png using Guid(bc974130ac081324ea76b262ad18efec) Importer(815301076,1909f56bfc062723c751e8b465ee728b)  -> (artifact id: '8056ae15816e394e017155cd1deed940') in 0.025357 seconds 
  Import took 0.035422 seconds .

========================================================================
Received Prepare
Registering precompiled user dll's ...
Registered in 0.012680 seconds.
Begin MonoManager ReloadAssembly
Native extension for WindowsStandalone target not found
Refreshing native plugins compatible for Editor in 0.65 ms, found 2 plugins.
Preloading 0 native plugins for Editor in 0.00 ms.
Mono: successfully reloaded assembly
- Completed reload, in  1.719 seconds
Domain Reload Profiling:
	ReloadAssembly (1720ms)
		BeginReloadAssembly (134ms)
			ExecutionOrderSort (0ms)
			DisableScriptedObjects (5ms)
			BackupInstance (0ms)
			ReleaseScriptingObjects (0ms)
			CreateAndSetChildDomain (36ms)
		EndReloadAssembly (1516ms)
			LoadAssemblies (129ms)
			RebuildTransferFunctionScriptingTraits (0ms)
			SetupTypeCache (556ms)
			ReleaseScriptCaches (2ms)
			RebuildScriptCaches (73ms)
			SetupLoadedEditorAssemblies (523ms)
				LogAssemblyErrors (0ms)
				InitializePlatformSupportModulesInManaged (15ms)
				SetLoadedEditorAssemblies (1ms)
				RefreshPlugins (1ms)
				BeforeProcessingInitializeOnLoad (106ms)
				ProcessInitializeOnLoadAttributes (371ms)
				ProcessInitializeOnLoadMethodAttributes (13ms)
				AfterProcessingInitializeOnLoad (14ms)
				EditorAssembliesLoaded (1ms)
			ExecutionOrderSort2 (0ms)
			AwakeInstancesAfterBackupRestoration (17ms)
Platform modules already initialized, skipping
Refreshing native plugins compatible for Editor in 0.43 ms, found 2 plugins.
Preloading 0 native plugins for Editor in 0.00 ms.
Unloading 1733 Unused Serialized files (Serialized files now loaded: 0)
System memory in use before: 83.0 MB.
System memory in use after: 83.1 MB.

Unloading 12 unused Assets to reduce memory usage. Loaded Objects now: 2257.
Total: 3.752400 ms (FindLiveObjects: 0.231400 ms CreateObjectMapping: 0.064000 ms MarkObjects: 3.359100 ms  DeleteObjects: 0.096600 ms)

AssetImportParameters requested are different than current active one (requested -> active):
  custom:framework-win-MediaFoundation: 216162199b28c13a410421893ffa2e32 -> 
  custom:video-decoder-ogg-theora: a1e56fd34408186e4bbccfd4996cb3dc -> 
  custom:container-muxer-webm: aa71ff27fc2769a1b78a27578f13a17b -> 
  custom:container-demuxer-webm: 4f35f7cbe854078d1ac9338744f61a02 -> 
  custom:container-demuxer-ogg: 62fdf1f143b41e24485cea50d1cbac27 -> 
  custom:video-encoder-webm-vp8: eb34c28f22e8b96e1ab97ce403110664 -> 
  custom:video-decoder-webm-vp8: 9c59270c3fd7afecdb556c50c9e8de78 -> 
  custom:audio-decoder-ogg-vorbis: bf7c407c2cedff20999df2af8eb42d56 -> 
  custom:audio-encoder-webm-vorbis: bf7c407c2cedff20999df2af8eb42d56 -> 
========================================================================
Received Prepare
Registering precompiled user dll's ...
Registered in 0.007092 seconds.
Begin MonoManager ReloadAssembly
Native extension for WindowsStandalone target not found
Refreshing native plugins compatible for Editor in 0.38 ms, found 2 plugins.
Preloading 0 native plugins for Editor in 0.00 ms.
Mono: successfully reloaded assembly
- Completed reload, in  1.164 seconds
Domain Reload Profiling:
	ReloadAssembly (1165ms)
		BeginReloadAssembly (146ms)
			ExecutionOrderSort (0ms)
			DisableScriptedObjects (7ms)
			BackupInstance (0ms)
			ReleaseScriptingObjects (0ms)
			CreateAndSetChildDomain (37ms)
		EndReloadAssembly (941ms)
			LoadAssemblies (106ms)
			RebuildTransferFunctionScriptingTraits (0ms)
			SetupTypeCache (324ms)
			ReleaseScriptCaches (1ms)
			RebuildScriptCaches (45ms)
			SetupLoadedEditorAssemblies (358ms)
				LogAssemblyErrors (0ms)
				InitializePlatformSupportModulesInManaged (5ms)
				SetLoadedEditorAssemblies (1ms)
				RefreshPlugins (0ms)
				BeforeProcessingInitializeOnLoad (93ms)
				ProcessInitializeOnLoadAttributes (249ms)
				ProcessInitializeOnLoadMethodAttributes (4ms)
				AfterProcessingInitializeOnLoad (6ms)
				EditorAssembliesLoaded (0ms)
			ExecutionOrderSort2 (0ms)
			AwakeInstancesAfterBackupRestoration (7ms)
Platform modules already initialized, skipping
Refreshing native plugins compatible for Editor in 0.42 ms, found 2 plugins.
Preloading 0 native plugins for Editor in 0.00 ms.
Unloading 1733 Unused Serialized files (Serialized files now loaded: 0)
System memory in use before: 83.0 MB.
System memory in use after: 83.1 MB.

Unloading 12 unused Assets to reduce memory usage. Loaded Objects now: 2259.
Total: 3.351300 ms (FindLiveObjects: 0.176000 ms CreateObjectMapping: 0.062100 ms MarkObjects: 3.018700 ms  DeleteObjects: 0.093200 ms)

AssetImportParameters requested are different than current active one (requested -> active):
  custom:framework-win-MediaFoundation: 216162199b28c13a410421893ffa2e32 -> 
  custom:video-decoder-ogg-theora: a1e56fd34408186e4bbccfd4996cb3dc -> 
  custom:container-muxer-webm: aa71ff27fc2769a1b78a27578f13a17b -> 
  custom:container-demuxer-webm: 4f35f7cbe854078d1ac9338744f61a02 -> 
  custom:container-demuxer-ogg: 62fdf1f143b41e24485cea50d1cbac27 -> 
  custom:video-encoder-webm-vp8: eb34c28f22e8b96e1ab97ce403110664 -> 
  custom:video-decoder-webm-vp8: 9c59270c3fd7afecdb556c50c9e8de78 -> 
  custom:audio-decoder-ogg-vorbis: bf7c407c2cedff20999df2af8eb42d56 -> 
  custom:audio-encoder-webm-vorbis: bf7c407c2cedff20999df2af8eb42d56 -> 
========================================================================
Received Import Request.
  Time since last request: 790.522429 seconds.
  path: Assets/Technical laboratory designer-V1_Room/Prefabs/doorway_2-4.prefab
  artifactKey: Guid(42cdbd2d596a8744daf927b060eb1ffb) Importer(815301076,1909f56bfc062723c751e8b465ee728b)
Start importing Assets/Technical laboratory designer-V1_Room/Prefabs/doorway_2-4.prefab using Guid(42cdbd2d596a8744daf927b060eb1ffb) Importer(815301076,1909f56bfc062723c751e8b465ee728b)  -> (artifact id: '7f156578649bc8eeae2f040e0e35c915') in 0.099510 seconds 
  Import took 0.106036 seconds .

========================================================================
Received Import Request.
  Time since last request: 29.964498 seconds.
  path: Assets/Technical laboratory designer-V1_Room/Prefabs/doorway_2-4.prefab
  artifactKey: Guid(42cdbd2d596a8744daf927b060eb1ffb) Importer(815301076,1909f56bfc062723c751e8b465ee728b)
Start importing Assets/Technical laboratory designer-V1_Room/Prefabs/doorway_2-4.prefab using Guid(42cdbd2d596a8744daf927b060eb1ffb) Importer(815301076,1909f56bfc062723c751e8b465ee728b)  -> (artifact id: '3a65f8325f8c623922b2b7b639cbceb7') in 0.052724 seconds 
  Import took 0.062516 seconds .

========================================================================
Received Import Request.
  Time since last request: 4.826720 seconds.
  path: Assets/Technical laboratory designer-V1_Room/Prefabs/doorway_2-4.prefab
  artifactKey: Guid(42cdbd2d596a8744daf927b060eb1ffb) Importer(815301076,1909f56bfc062723c751e8b465ee728b)
Start importing Assets/Technical laboratory designer-V1_Room/Prefabs/doorway_2-4.prefab using Guid(42cdbd2d596a8744daf927b060eb1ffb) Importer(815301076,1909f56bfc062723c751e8b465ee728b)  -> (artifact id: '03a8126a17b45fe1b3ba2d5a4cd5f49d') in 0.054788 seconds 
  Import took 0.064529 seconds .

========================================================================
Received Prepare
Registering precompiled user dll's ...
Registered in 0.005836 seconds.
Begin MonoManager ReloadAssembly
Native extension for WindowsStandalone target not found
Refreshing native plugins compatible for Editor in 0.38 ms, found 2 plugins.
Preloading 0 native plugins for Editor in 0.00 ms.
Mono: successfully reloaded assembly
- Completed reload, in  1.497 seconds
Domain Reload Profiling:
	ReloadAssembly (1498ms)
		BeginReloadAssembly (171ms)
			ExecutionOrderSort (0ms)
			DisableScriptedObjects (5ms)
			BackupInstance (0ms)
			ReleaseScriptingObjects (0ms)
			CreateAndSetChildDomain (38ms)
		EndReloadAssembly (1231ms)
			LoadAssemblies (153ms)
			RebuildTransferFunctionScriptingTraits (0ms)
			SetupTypeCache (444ms)
			ReleaseScriptCaches (1ms)
			RebuildScriptCaches (70ms)
			SetupLoadedEditorAssemblies (474ms)
				LogAssemblyErrors (0ms)
				InitializePlatformSupportModulesInManaged (5ms)
				SetLoadedEditorAssemblies (0ms)
				RefreshPlugins (0ms)
				BeforeProcessingInitializeOnLoad (113ms)
				ProcessInitializeOnLoadAttributes (322ms)
				ProcessInitializeOnLoadMethodAttributes (18ms)
				AfterProcessingInitializeOnLoad (14ms)
				EditorAssembliesLoaded (0ms)
			ExecutionOrderSort2 (0ms)
			AwakeInstancesAfterBackupRestoration (8ms)
Platform modules already initialized, skipping
Refreshing native plugins compatible for Editor in 0.45 ms, found 2 plugins.
Preloading 0 native plugins for Editor in 0.00 ms.
Unloading 1733 Unused Serialized files (Serialized files now loaded: 0)
System memory in use before: 83.0 MB.
System memory in use after: 83.1 MB.

Unloading 12 unused Assets to reduce memory usage. Loaded Objects now: 2262.
Total: 3.457800 ms (FindLiveObjects: 0.280000 ms CreateObjectMapping: 0.109600 ms MarkObjects: 2.931300 ms  DeleteObjects: 0.135500 ms)

AssetImportParameters requested are different than current active one (requested -> active):
  custom:framework-win-MediaFoundation: 216162199b28c13a410421893ffa2e32 -> 
  custom:video-decoder-ogg-theora: a1e56fd34408186e4bbccfd4996cb3dc -> 
  custom:container-muxer-webm: aa71ff27fc2769a1b78a27578f13a17b -> 
  custom:container-demuxer-webm: 4f35f7cbe854078d1ac9338744f61a02 -> 
  custom:container-demuxer-ogg: 62fdf1f143b41e24485cea50d1cbac27 -> 
  custom:video-encoder-webm-vp8: eb34c28f22e8b96e1ab97ce403110664 -> 
  custom:video-decoder-webm-vp8: 9c59270c3fd7afecdb556c50c9e8de78 -> 
  custom:audio-decoder-ogg-vorbis: bf7c407c2cedff20999df2af8eb42d56 -> 
  custom:audio-encoder-webm-vorbis: bf7c407c2cedff20999df2af8eb42d56 -> 
========================================================================
Received Import Request.
  Time since last request: 61.952183 seconds.
  path: Assets/Technical laboratory designer-V1_Room/Prefabs/Wall_4-4.prefab
  artifactKey: Guid(a35c43ed8a4013b4fb40b938e414ff25) Importer(815301076,1909f56bfc062723c751e8b465ee728b)
Start importing Assets/Technical laboratory designer-V1_Room/Prefabs/Wall_4-4.prefab using Guid(a35c43ed8a4013b4fb40b938e414ff25) Importer(815301076,1909f56bfc062723c751e8b465ee728b)  -> (artifact id: '905c27f6629d73afbadfa8d5dae998c4') in 0.136744 seconds 
  Import took 0.143569 seconds .

========================================================================
Received Import Request.
  Time since last request: 18.268520 seconds.
  path: Assets/Technical laboratory designer-V1_Room/Prefabs/Wall_4-4.prefab
  artifactKey: Guid(a35c43ed8a4013b4fb40b938e414ff25) Importer(815301076,1909f56bfc062723c751e8b465ee728b)
Start importing Assets/Technical laboratory designer-V1_Room/Prefabs/Wall_4-4.prefab using Guid(a35c43ed8a4013b4fb40b938e414ff25) Importer(815301076,1909f56bfc062723c751e8b465ee728b)  -> (artifact id: 'c1e9860902912068ad9ca99762075f6b') in 0.049603 seconds 
  Import took 0.057778 seconds .

========================================================================
Received Import Request.
  Time since last request: 1.365453 seconds.
  path: Assets/Technical laboratory designer-V1_Room/Prefabs/Wall_4-4.prefab
  artifactKey: Guid(a35c43ed8a4013b4fb40b938e414ff25) Importer(815301076,1909f56bfc062723c751e8b465ee728b)
Start importing Assets/Technical laboratory designer-V1_Room/Prefabs/Wall_4-4.prefab using Guid(a35c43ed8a4013b4fb40b938e414ff25) Importer(815301076,1909f56bfc062723c751e8b465ee728b)  -> (artifact id: 'fe14a302868ce3bf9275cf01a77707cf') in 0.055957 seconds 
  Import took 0.063215 seconds .

========================================================================
Received Import Request.
  Time since last request: 3.744697 seconds.
  path: Assets/Technical laboratory designer-V1_Room/Prefabs/Wall_4-4.prefab
  artifactKey: Guid(a35c43ed8a4013b4fb40b938e414ff25) Importer(815301076,1909f56bfc062723c751e8b465ee728b)
Start importing Assets/Technical laboratory designer-V1_Room/Prefabs/Wall_4-4.prefab using Guid(a35c43ed8a4013b4fb40b938e414ff25) Importer(815301076,1909f56bfc062723c751e8b465ee728b)  -> (artifact id: '57f5ecfcb72f2a7dd1d8f5298a5825cf') in 0.059897 seconds 
  Import took 0.067832 seconds .

========================================================================
Received Import Request.
  Time since last request: 3.559829 seconds.
  path: Assets/Technical laboratory designer-V1_Room/Prefabs/Wall_4-4.prefab
  artifactKey: Guid(a35c43ed8a4013b4fb40b938e414ff25) Importer(815301076,1909f56bfc062723c751e8b465ee728b)
Start importing Assets/Technical laboratory designer-V1_Room/Prefabs/Wall_4-4.prefab using Guid(a35c43ed8a4013b4fb40b938e414ff25) Importer(815301076,1909f56bfc062723c751e8b465ee728b)  -> (artifact id: '4d15927c08579f03b76559ab6411c0fa') in 0.068002 seconds 
  Import took 0.077276 seconds .

========================================================================
Received Import Request.
  Time since last request: 11.643175 seconds.
  path: Assets/Technical laboratory designer-V1_Room/Prefabs/Wall_4-4.prefab
  artifactKey: Guid(a35c43ed8a4013b4fb40b938e414ff25) Importer(815301076,1909f56bfc062723c751e8b465ee728b)
Start importing Assets/Technical laboratory designer-V1_Room/Prefabs/Wall_4-4.prefab using Guid(a35c43ed8a4013b4fb40b938e414ff25) Importer(815301076,1909f56bfc062723c751e8b465ee728b)  -> (artifact id: 'c9ba111132ffd0cd5d6e4c7e79775f9d') in 0.054486 seconds 
  Import took 0.063858 seconds .

========================================================================
Received Import Request.
  Time since last request: 7.474700 seconds.
  path: Assets/Technical laboratory designer-V1_Room/Prefabs/Wall_4-4.prefab
  artifactKey: Guid(a35c43ed8a4013b4fb40b938e414ff25) Importer(815301076,1909f56bfc062723c751e8b465ee728b)
Start importing Assets/Technical laboratory designer-V1_Room/Prefabs/Wall_4-4.prefab using Guid(a35c43ed8a4013b4fb40b938e414ff25) Importer(815301076,1909f56bfc062723c751e8b465ee728b)  -> (artifact id: '280e080aab4b147933e445e4956d8463') in 0.046960 seconds 
  Import took 0.053624 seconds .

========================================================================
Received Import Request.
  Time since last request: 7.819727 seconds.
  path: Assets/Technical laboratory designer-V1_Room/Prefabs/Wall_4-4.prefab
  artifactKey: Guid(a35c43ed8a4013b4fb40b938e414ff25) Importer(815301076,1909f56bfc062723c751e8b465ee728b)
Start importing Assets/Technical laboratory designer-V1_Room/Prefabs/Wall_4-4.prefab using Guid(a35c43ed8a4013b4fb40b938e414ff25) Importer(815301076,1909f56bfc062723c751e8b465ee728b)  -> (artifact id: '94c3a7ee01992e1e079f963812d15d41') in 0.046883 seconds 
  Import took 0.055421 seconds .

========================================================================
Received Import Request.
  Time since last request: 7.048348 seconds.
  path: Assets/Technical laboratory designer-V1_Room/Prefabs/Wall_4-4.prefab
  artifactKey: Guid(a35c43ed8a4013b4fb40b938e414ff25) Importer(815301076,1909f56bfc062723c751e8b465ee728b)
Start importing Assets/Technical laboratory designer-V1_Room/Prefabs/Wall_4-4.prefab using Guid(a35c43ed8a4013b4fb40b938e414ff25) Importer(815301076,1909f56bfc062723c751e8b465ee728b)  -> (artifact id: '441c2cb89842500766e8b6d300d224c7') in 0.051798 seconds 
  Import took 0.060209 seconds .

========================================================================
Received Import Request.
  Time since last request: 6.622940 seconds.
  path: Assets/Technical laboratory designer-V1_Room/Prefabs/Wall_4-4.prefab
  artifactKey: Guid(a35c43ed8a4013b4fb40b938e414ff25) Importer(815301076,1909f56bfc062723c751e8b465ee728b)
Start importing Assets/Technical laboratory designer-V1_Room/Prefabs/Wall_4-4.prefab using Guid(a35c43ed8a4013b4fb40b938e414ff25) Importer(815301076,1909f56bfc062723c751e8b465ee728b)  -> (artifact id: '152a6bc0061c645835cf7f3fd0966202') in 0.050744 seconds 
  Import took 0.057519 seconds .

========================================================================
Received Import Request.
  Time since last request: 2.162907 seconds.
  path: Assets/Technical laboratory designer-V1_Room/Prefabs/Wall_4-4.prefab
  artifactKey: Guid(a35c43ed8a4013b4fb40b938e414ff25) Importer(815301076,1909f56bfc062723c751e8b465ee728b)
Start importing Assets/Technical laboratory designer-V1_Room/Prefabs/Wall_4-4.prefab using Guid(a35c43ed8a4013b4fb40b938e414ff25) Importer(815301076,1909f56bfc062723c751e8b465ee728b)  -> (artifact id: '297747a3c869d874296ef1f299e9544f') in 0.060583 seconds 
  Import took 0.069077 seconds .

========================================================================
Received Import Request.
  Time since last request: 4.156750 seconds.
  path: Assets/Technical laboratory designer-V1_Room/Prefabs/Wall_4-4.prefab
  artifactKey: Guid(a35c43ed8a4013b4fb40b938e414ff25) Importer(815301076,1909f56bfc062723c751e8b465ee728b)
Start importing Assets/Technical laboratory designer-V1_Room/Prefabs/Wall_4-4.prefab using Guid(a35c43ed8a4013b4fb40b938e414ff25) Importer(815301076,1909f56bfc062723c751e8b465ee728b)  -> (artifact id: '526cc4a24422a6ee0e50b0bd641e295f') in 0.051106 seconds 
  Import took 0.057265 seconds .

========================================================================
Received Prepare
Registering precompiled user dll's ...
Registered in 0.005093 seconds.
Begin MonoManager ReloadAssembly
Native extension for WindowsStandalone target not found
Refreshing native plugins compatible for Editor in 0.65 ms, found 2 plugins.
Preloading 0 native plugins for Editor in 0.00 ms.
Mono: successfully reloaded assembly
- Completed reload, in  1.251 seconds
Domain Reload Profiling:
	ReloadAssembly (1251ms)
		BeginReloadAssembly (113ms)
			ExecutionOrderSort (0ms)
			DisableScriptedObjects (4ms)
			BackupInstance (0ms)
			ReleaseScriptingObjects (0ms)
			CreateAndSetChildDomain (30ms)
		EndReloadAssembly (1074ms)
			LoadAssemblies (108ms)
			RebuildTransferFunctionScriptingTraits (0ms)
			SetupTypeCache (389ms)
			ReleaseScriptCaches (1ms)
			RebuildScriptCaches (44ms)
			SetupLoadedEditorAssemblies (406ms)
				LogAssemblyErrors (0ms)
				InitializePlatformSupportModulesInManaged (8ms)
				SetLoadedEditorAssemblies (1ms)
				RefreshPlugins (1ms)
				BeforeProcessingInitializeOnLoad (87ms)
				ProcessInitializeOnLoadAttributes (299ms)
				ProcessInitializeOnLoadMethodAttributes (4ms)
				AfterProcessingInitializeOnLoad (7ms)
				EditorAssembliesLoaded (0ms)
			ExecutionOrderSort2 (0ms)
			AwakeInstancesAfterBackupRestoration (7ms)
Platform modules already initialized, skipping
Refreshing native plugins compatible for Editor in 0.50 ms, found 2 plugins.
Preloading 0 native plugins for Editor in 0.00 ms.
Unloading 1733 Unused Serialized files (Serialized files now loaded: 0)
System memory in use before: 83.0 MB.
System memory in use after: 83.1 MB.

Unloading 12 unused Assets to reduce memory usage. Loaded Objects now: 2265.
Total: 4.180900 ms (FindLiveObjects: 0.304200 ms CreateObjectMapping: 0.102800 ms MarkObjects: 3.648100 ms  DeleteObjects: 0.124400 ms)

AssetImportParameters requested are different than current active one (requested -> active):
  custom:framework-win-MediaFoundation: 216162199b28c13a410421893ffa2e32 -> 
  custom:video-decoder-ogg-theora: a1e56fd34408186e4bbccfd4996cb3dc -> 
  custom:container-muxer-webm: aa71ff27fc2769a1b78a27578f13a17b -> 
  custom:container-demuxer-webm: 4f35f7cbe854078d1ac9338744f61a02 -> 
  custom:container-demuxer-ogg: 62fdf1f143b41e24485cea50d1cbac27 -> 
  custom:video-encoder-webm-vp8: eb34c28f22e8b96e1ab97ce403110664 -> 
  custom:video-decoder-webm-vp8: 9c59270c3fd7afecdb556c50c9e8de78 -> 
  custom:audio-decoder-ogg-vorbis: bf7c407c2cedff20999df2af8eb42d56 -> 
  custom:audio-encoder-webm-vorbis: bf7c407c2cedff20999df2af8eb42d56 -> 
========================================================================
Received Prepare
Registering precompiled user dll's ...
Registered in 0.004434 seconds.
Begin MonoManager ReloadAssembly
Native extension for WindowsStandalone target not found
Refreshing native plugins compatible for Editor in 0.41 ms, found 2 plugins.
Preloading 0 native plugins for Editor in 0.00 ms.
Mono: successfully reloaded assembly
- Completed reload, in  1.150 seconds
Domain Reload Profiling:
	ReloadAssembly (1151ms)
		BeginReloadAssembly (140ms)
			ExecutionOrderSort (0ms)
			DisableScriptedObjects (5ms)
			BackupInstance (0ms)
			ReleaseScriptingObjects (0ms)
			CreateAndSetChildDomain (42ms)
		EndReloadAssembly (930ms)
			LoadAssemblies (105ms)
			RebuildTransferFunctionScriptingTraits (0ms)
			SetupTypeCache (321ms)
			ReleaseScriptCaches (1ms)
			RebuildScriptCaches (44ms)
			SetupLoadedEditorAssemblies (347ms)
				LogAssemblyErrors (0ms)
				InitializePlatformSupportModulesInManaged (5ms)
				SetLoadedEditorAssemblies (0ms)
				RefreshPlugins (1ms)
				BeforeProcessingInitializeOnLoad (89ms)
				ProcessInitializeOnLoadAttributes (240ms)
				ProcessInitializeOnLoadMethodAttributes (5ms)
				AfterProcessingInitializeOnLoad (7ms)
				EditorAssembliesLoaded (0ms)
			ExecutionOrderSort2 (0ms)
			AwakeInstancesAfterBackupRestoration (7ms)
Platform modules already initialized, skipping
Refreshing native plugins compatible for Editor in 0.39 ms, found 2 plugins.
Preloading 0 native plugins for Editor in 0.00 ms.
Unloading 1733 Unused Serialized files (Serialized files now loaded: 0)
System memory in use before: 83.1 MB.
System memory in use after: 83.1 MB.

Unloading 12 unused Assets to reduce memory usage. Loaded Objects now: 2267.
Total: 3.284000 ms (FindLiveObjects: 0.178600 ms CreateObjectMapping: 0.066600 ms MarkObjects: 2.929400 ms  DeleteObjects: 0.108400 ms)

AssetImportParameters requested are different than current active one (requested -> active):
  custom:framework-win-MediaFoundation: 216162199b28c13a410421893ffa2e32 -> 
  custom:video-decoder-ogg-theora: a1e56fd34408186e4bbccfd4996cb3dc -> 
  custom:container-muxer-webm: aa71ff27fc2769a1b78a27578f13a17b -> 
  custom:container-demuxer-webm: 4f35f7cbe854078d1ac9338744f61a02 -> 
  custom:container-demuxer-ogg: 62fdf1f143b41e24485cea50d1cbac27 -> 
  custom:video-encoder-webm-vp8: eb34c28f22e8b96e1ab97ce403110664 -> 
  custom:video-decoder-webm-vp8: 9c59270c3fd7afecdb556c50c9e8de78 -> 
  custom:audio-decoder-ogg-vorbis: bf7c407c2cedff20999df2af8eb42d56 -> 
  custom:audio-encoder-webm-vorbis: bf7c407c2cedff20999df2af8eb42d56 -> 
========================================================================
Received Prepare
Registering precompiled user dll's ...
Registered in 0.005019 seconds.
Begin MonoManager ReloadAssembly
Native extension for WindowsStandalone target not found
Refreshing native plugins compatible for Editor in 0.39 ms, found 2 plugins.
Preloading 0 native plugins for Editor in 0.00 ms.
Mono: successfully reloaded assembly
- Completed reload, in  1.381 seconds
Domain Reload Profiling:
	ReloadAssembly (1382ms)
		BeginReloadAssembly (161ms)
			ExecutionOrderSort (0ms)
			DisableScriptedObjects (13ms)
			BackupInstance (0ms)
			ReleaseScriptingObjects (0ms)
			CreateAndSetChildDomain (31ms)
		EndReloadAssembly (1120ms)
			LoadAssemblies (140ms)
			RebuildTransferFunctionScriptingTraits (0ms)
			SetupTypeCache (434ms)
			ReleaseScriptCaches (1ms)
			RebuildScriptCaches (46ms)
			SetupLoadedEditorAssemblies (417ms)
				LogAssemblyErrors (0ms)
				InitializePlatformSupportModulesInManaged (6ms)
				SetLoadedEditorAssemblies (0ms)
				RefreshPlugins (0ms)
				BeforeProcessingInitializeOnLoad (103ms)
				ProcessInitializeOnLoadAttributes (293ms)
				ProcessInitializeOnLoadMethodAttributes (6ms)
				AfterProcessingInitializeOnLoad (8ms)
				EditorAssembliesLoaded (0ms)
			ExecutionOrderSort2 (0ms)
			AwakeInstancesAfterBackupRestoration (9ms)
Platform modules already initialized, skipping
Refreshing native plugins compatible for Editor in 0.47 ms, found 2 plugins.
Preloading 0 native plugins for Editor in 0.00 ms.
Unloading 1733 Unused Serialized files (Serialized files now loaded: 0)
System memory in use before: 83.1 MB.
System memory in use after: 83.1 MB.

Unloading 12 unused Assets to reduce memory usage. Loaded Objects now: 2269.
Total: 3.436900 ms (FindLiveObjects: 0.188600 ms CreateObjectMapping: 0.110000 ms MarkObjects: 3.050900 ms  DeleteObjects: 0.086100 ms)

AssetImportParameters requested are different than current active one (requested -> active):
  custom:framework-win-MediaFoundation: 216162199b28c13a410421893ffa2e32 -> 
  custom:video-decoder-ogg-theora: a1e56fd34408186e4bbccfd4996cb3dc -> 
  custom:container-muxer-webm: aa71ff27fc2769a1b78a27578f13a17b -> 
  custom:container-demuxer-webm: 4f35f7cbe854078d1ac9338744f61a02 -> 
  custom:container-demuxer-ogg: 62fdf1f143b41e24485cea50d1cbac27 -> 
  custom:video-encoder-webm-vp8: eb34c28f22e8b96e1ab97ce403110664 -> 
  custom:video-decoder-webm-vp8: 9c59270c3fd7afecdb556c50c9e8de78 -> 
  custom:audio-decoder-ogg-vorbis: bf7c407c2cedff20999df2af8eb42d56 -> 
  custom:audio-encoder-webm-vorbis: bf7c407c2cedff20999df2af8eb42d56 -> 
========================================================================
Received Prepare
Registering precompiled user dll's ...
Registered in 0.004594 seconds.
Begin MonoManager ReloadAssembly
Native extension for WindowsStandalone target not found
Refreshing native plugins compatible for Editor in 0.44 ms, found 2 plugins.
Preloading 0 native plugins for Editor in 0.00 ms.
Mono: successfully reloaded assembly
- Completed reload, in  1.455 seconds
Domain Reload Profiling:
	ReloadAssembly (1455ms)
		BeginReloadAssembly (201ms)
			ExecutionOrderSort (0ms)
			DisableScriptedObjects (5ms)
			BackupInstance (0ms)
			ReleaseScriptingObjects (0ms)
			CreateAndSetChildDomain (36ms)
		EndReloadAssembly (1174ms)
			LoadAssemblies (189ms)
			RebuildTransferFunctionScriptingTraits (0ms)
			SetupTypeCache (420ms)
			ReleaseScriptCaches (1ms)
			RebuildScriptCaches (60ms)
			SetupLoadedEditorAssemblies (416ms)
				LogAssemblyErrors (0ms)
				InitializePlatformSupportModulesInManaged (7ms)
				SetLoadedEditorAssemblies (1ms)
				RefreshPlugins (1ms)
				BeforeProcessingInitializeOnLoad (123ms)
				ProcessInitializeOnLoadAttributes (270ms)
				ProcessInitializeOnLoadMethodAttributes (6ms)
				AfterProcessingInitializeOnLoad (8ms)
				EditorAssembliesLoaded (0ms)
			ExecutionOrderSort2 (0ms)
			AwakeInstancesAfterBackupRestoration (11ms)
Platform modules already initialized, skipping
Refreshing native plugins compatible for Editor in 0.46 ms, found 2 plugins.
Preloading 0 native plugins for Editor in 0.00 ms.
Unloading 1733 Unused Serialized files (Serialized files now loaded: 0)
System memory in use before: 83.1 MB.
System memory in use after: 83.1 MB.

Unloading 12 unused Assets to reduce memory usage. Loaded Objects now: 2271.
Total: 3.910700 ms (FindLiveObjects: 0.200600 ms CreateObjectMapping: 0.059800 ms MarkObjects: 3.552900 ms  DeleteObjects: 0.095800 ms)

AssetImportParameters requested are different than current active one (requested -> active):
  custom:framework-win-MediaFoundation: 216162199b28c13a410421893ffa2e32 -> 
  custom:video-decoder-ogg-theora: a1e56fd34408186e4bbccfd4996cb3dc -> 
  custom:container-muxer-webm: aa71ff27fc2769a1b78a27578f13a17b -> 
  custom:container-demuxer-webm: 4f35f7cbe854078d1ac9338744f61a02 -> 
  custom:container-demuxer-ogg: 62fdf1f143b41e24485cea50d1cbac27 -> 
  custom:video-encoder-webm-vp8: eb34c28f22e8b96e1ab97ce403110664 -> 
  custom:video-decoder-webm-vp8: 9c59270c3fd7afecdb556c50c9e8de78 -> 
  custom:audio-decoder-ogg-vorbis: bf7c407c2cedff20999df2af8eb42d56 -> 
  custom:audio-encoder-webm-vorbis: bf7c407c2cedff20999df2af8eb42d56 -> 
========================================================================
Received Prepare
Registering precompiled user dll's ...
Registered in 0.006318 seconds.
Begin MonoManager ReloadAssembly
Native extension for WindowsStandalone target not found
Refreshing native plugins compatible for Editor in 0.43 ms, found 2 plugins.
Preloading 0 native plugins for Editor in 0.00 ms.
Mono: successfully reloaded assembly
- Completed reload, in  1.080 seconds
Domain Reload Profiling:
	ReloadAssembly (1081ms)
		BeginReloadAssembly (133ms)
			ExecutionOrderSort (0ms)
			DisableScriptedObjects (4ms)
			BackupInstance (0ms)
			ReleaseScriptingObjects (0ms)
			CreateAndSetChildDomain (32ms)
		EndReloadAssembly (873ms)
			LoadAssemblies (107ms)
			RebuildTransferFunctionScriptingTraits (0ms)
			SetupTypeCache (296ms)
			ReleaseScriptCaches (1ms)
			RebuildScriptCaches (51ms)
			SetupLoadedEditorAssemblies (312ms)
				LogAssemblyErrors (0ms)
				InitializePlatformSupportModulesInManaged (5ms)
				SetLoadedEditorAssemblies (1ms)
				RefreshPlugins (0ms)
				BeforeProcessingInitializeOnLoad (84ms)
				ProcessInitializeOnLoadAttributes (210ms)
				ProcessInitializeOnLoadMethodAttributes (4ms)
				AfterProcessingInitializeOnLoad (7ms)
				EditorAssembliesLoaded (0ms)
			ExecutionOrderSort2 (0ms)
			AwakeInstancesAfterBackupRestoration (7ms)
Platform modules already initialized, skipping
Refreshing native plugins compatible for Editor in 0.63 ms, found 2 plugins.
Preloading 0 native plugins for Editor in 0.00 ms.
Unloading 1733 Unused Serialized files (Serialized files now loaded: 0)
System memory in use before: 83.1 MB.
System memory in use after: 83.1 MB.

Unloading 12 unused Assets to reduce memory usage. Loaded Objects now: 2273.
Total: 3.504000 ms (FindLiveObjects: 0.285400 ms CreateObjectMapping: 0.107400 ms MarkObjects: 3.028400 ms  DeleteObjects: 0.081600 ms)

AssetImportParameters requested are different than current active one (requested -> active):
  custom:framework-win-MediaFoundation: 216162199b28c13a410421893ffa2e32 -> 
  custom:video-decoder-ogg-theora: a1e56fd34408186e4bbccfd4996cb3dc -> 
  custom:container-muxer-webm: aa71ff27fc2769a1b78a27578f13a17b -> 
  custom:container-demuxer-webm: 4f35f7cbe854078d1ac9338744f61a02 -> 
  custom:container-demuxer-ogg: 62fdf1f143b41e24485cea50d1cbac27 -> 
  custom:video-encoder-webm-vp8: eb34c28f22e8b96e1ab97ce403110664 -> 
  custom:video-decoder-webm-vp8: 9c59270c3fd7afecdb556c50c9e8de78 -> 
  custom:audio-decoder-ogg-vorbis: bf7c407c2cedff20999df2af8eb42d56 -> 
  custom:audio-encoder-webm-vorbis: bf7c407c2cedff20999df2af8eb42d56 -> 
========================================================================
Received Prepare
Registering precompiled user dll's ...
Registered in 0.003089 seconds.
Begin MonoManager ReloadAssembly
Native extension for WindowsStandalone target not found
Refreshing native plugins compatible for Editor in 1.03 ms, found 2 plugins.
Preloading 0 native plugins for Editor in 0.00 ms.
Mono: successfully reloaded assembly
- Completed reload, in  1.190 seconds
Domain Reload Profiling:
	ReloadAssembly (1191ms)
		BeginReloadAssembly (148ms)
			ExecutionOrderSort (0ms)
			DisableScriptedObjects (6ms)
			BackupInstance (0ms)
			ReleaseScriptingObjects (0ms)
			CreateAndSetChildDomain (33ms)
		EndReloadAssembly (970ms)
			LoadAssemblies (107ms)
			RebuildTransferFunctionScriptingTraits (0ms)
			SetupTypeCache (349ms)
			ReleaseScriptCaches (1ms)
			RebuildScriptCaches (46ms)
			SetupLoadedEditorAssemblies (358ms)
				LogAssemblyErrors (0ms)
				InitializePlatformSupportModulesInManaged (10ms)
				SetLoadedEditorAssemblies (1ms)
				RefreshPlugins (1ms)
				BeforeProcessingInitializeOnLoad (100ms)
				ProcessInitializeOnLoadAttributes (232ms)
				ProcessInitializeOnLoadMethodAttributes (5ms)
				AfterProcessingInitializeOnLoad (8ms)
				EditorAssembliesLoaded (0ms)
			ExecutionOrderSort2 (0ms)
			AwakeInstancesAfterBackupRestoration (7ms)
Platform modules already initialized, skipping
Refreshing native plugins compatible for Editor in 0.36 ms, found 2 plugins.
Preloading 0 native plugins for Editor in 0.00 ms.
Unloading 1733 Unused Serialized files (Serialized files now loaded: 0)
System memory in use before: 83.1 MB.
System memory in use after: 83.1 MB.

Unloading 12 unused Assets to reduce memory usage. Loaded Objects now: 2275.
Total: 3.556900 ms (FindLiveObjects: 0.189500 ms CreateObjectMapping: 0.058800 ms MarkObjects: 3.202300 ms  DeleteObjects: 0.105200 ms)

AssetImportParameters requested are different than current active one (requested -> active):
  custom:framework-win-MediaFoundation: 216162199b28c13a410421893ffa2e32 -> 
  custom:video-decoder-ogg-theora: a1e56fd34408186e4bbccfd4996cb3dc -> 
  custom:container-muxer-webm: aa71ff27fc2769a1b78a27578f13a17b -> 
  custom:container-demuxer-webm: 4f35f7cbe854078d1ac9338744f61a02 -> 
  custom:container-demuxer-ogg: 62fdf1f143b41e24485cea50d1cbac27 -> 
  custom:video-encoder-webm-vp8: eb34c28f22e8b96e1ab97ce403110664 -> 
  custom:video-decoder-webm-vp8: 9c59270c3fd7afecdb556c50c9e8de78 -> 
  custom:audio-decoder-ogg-vorbis: bf7c407c2cedff20999df2af8eb42d56 -> 
  custom:audio-encoder-webm-vorbis: bf7c407c2cedff20999df2af8eb42d56 -> 
========================================================================
Received Prepare
Registering precompiled user dll's ...
Registered in 0.003107 seconds.
Begin MonoManager ReloadAssembly
Native extension for WindowsStandalone target not found
Refreshing native plugins compatible for Editor in 0.46 ms, found 2 plugins.
Preloading 0 native plugins for Editor in 0.00 ms.
Mono: successfully reloaded assembly
- Completed reload, in  1.232 seconds
Domain Reload Profiling:
	ReloadAssembly (1233ms)
		BeginReloadAssembly (174ms)
			ExecutionOrderSort (0ms)
			DisableScriptedObjects (4ms)
			BackupInstance (0ms)
			ReleaseScriptingObjects (0ms)
			CreateAndSetChildDomain (45ms)
		EndReloadAssembly (995ms)
			LoadAssemblies (135ms)
			RebuildTransferFunctionScriptingTraits (0ms)
			SetupTypeCache (341ms)
			ReleaseScriptCaches (1ms)
			RebuildScriptCaches (54ms)
			SetupLoadedEditorAssemblies (358ms)
				LogAssemblyErrors (0ms)
				InitializePlatformSupportModulesInManaged (6ms)
				SetLoadedEditorAssemblies (1ms)
				RefreshPlugins (1ms)
				BeforeProcessingInitializeOnLoad (90ms)
				ProcessInitializeOnLoadAttributes (247ms)
				ProcessInitializeOnLoadMethodAttributes (6ms)
				AfterProcessingInitializeOnLoad (8ms)
				EditorAssembliesLoaded (0ms)
			ExecutionOrderSort2 (0ms)
			AwakeInstancesAfterBackupRestoration (9ms)
Platform modules already initialized, skipping
Refreshing native plugins compatible for Editor in 0.49 ms, found 2 plugins.
Preloading 0 native plugins for Editor in 0.00 ms.
Unloading 1733 Unused Serialized files (Serialized files now loaded: 0)
System memory in use before: 83.1 MB.
System memory in use after: 83.1 MB.

Unloading 12 unused Assets to reduce memory usage. Loaded Objects now: 2277.
Total: 3.392300 ms (FindLiveObjects: 0.197800 ms CreateObjectMapping: 0.064200 ms MarkObjects: 3.034500 ms  DeleteObjects: 0.094200 ms)

AssetImportParameters requested are different than current active one (requested -> active):
  custom:framework-win-MediaFoundation: 216162199b28c13a410421893ffa2e32 -> 
  custom:video-decoder-ogg-theora: a1e56fd34408186e4bbccfd4996cb3dc -> 
  custom:container-muxer-webm: aa71ff27fc2769a1b78a27578f13a17b -> 
  custom:container-demuxer-webm: 4f35f7cbe854078d1ac9338744f61a02 -> 
  custom:container-demuxer-ogg: 62fdf1f143b41e24485cea50d1cbac27 -> 
  custom:video-encoder-webm-vp8: eb34c28f22e8b96e1ab97ce403110664 -> 
  custom:video-decoder-webm-vp8: 9c59270c3fd7afecdb556c50c9e8de78 -> 
  custom:audio-decoder-ogg-vorbis: bf7c407c2cedff20999df2af8eb42d56 -> 
  custom:audio-encoder-webm-vorbis: bf7c407c2cedff20999df2af8eb42d56 -> 
========================================================================
Received Prepare
Registering precompiled user dll's ...
Registered in 0.006964 seconds.
Begin MonoManager ReloadAssembly
Native extension for WindowsStandalone target not found
Refreshing native plugins compatible for Editor in 0.72 ms, found 2 plugins.
Preloading 0 native plugins for Editor in 0.00 ms.
Mono: successfully reloaded assembly
- Completed reload, in  1.355 seconds
Domain Reload Profiling:
	ReloadAssembly (1356ms)
		BeginReloadAssembly (120ms)
			ExecutionOrderSort (0ms)
			DisableScriptedObjects (5ms)
			BackupInstance (0ms)
			ReleaseScriptingObjects (0ms)
			CreateAndSetChildDomain (31ms)
		EndReloadAssembly (1166ms)
			LoadAssemblies (103ms)
			RebuildTransferFunctionScriptingTraits (0ms)
			SetupTypeCache (389ms)
			ReleaseScriptCaches (1ms)
			RebuildScriptCaches (73ms)
			SetupLoadedEditorAssemblies (454ms)
				LogAssemblyErrors (0ms)
				InitializePlatformSupportModulesInManaged (6ms)
				SetLoadedEditorAssemblies (1ms)
				RefreshPlugins (1ms)
				BeforeProcessingInitializeOnLoad (111ms)
				ProcessInitializeOnLoadAttributes (320ms)
				ProcessInitializeOnLoadMethodAttributes (6ms)
				AfterProcessingInitializeOnLoad (8ms)
				EditorAssembliesLoaded (0ms)
			ExecutionOrderSort2 (0ms)
			AwakeInstancesAfterBackupRestoration (10ms)
Platform modules already initialized, skipping
Refreshing native plugins compatible for Editor in 0.57 ms, found 2 plugins.
Preloading 0 native plugins for Editor in 0.00 ms.
Unloading 1733 Unused Serialized files (Serialized files now loaded: 0)
System memory in use before: 83.1 MB.
System memory in use after: 83.1 MB.

Unloading 12 unused Assets to reduce memory usage. Loaded Objects now: 2279.
Total: 4.765800 ms (FindLiveObjects: 0.388400 ms CreateObjectMapping: 0.131800 ms MarkObjects: 4.144500 ms  DeleteObjects: 0.098400 ms)

AssetImportParameters requested are different than current active one (requested -> active):
  custom:framework-win-MediaFoundation: 216162199b28c13a410421893ffa2e32 -> 
  custom:video-decoder-ogg-theora: a1e56fd34408186e4bbccfd4996cb3dc -> 
  custom:container-muxer-webm: aa71ff27fc2769a1b78a27578f13a17b -> 
  custom:container-demuxer-webm: 4f35f7cbe854078d1ac9338744f61a02 -> 
  custom:container-demuxer-ogg: 62fdf1f143b41e24485cea50d1cbac27 -> 
  custom:video-encoder-webm-vp8: eb34c28f22e8b96e1ab97ce403110664 -> 
  custom:video-decoder-webm-vp8: 9c59270c3fd7afecdb556c50c9e8de78 -> 
  custom:audio-decoder-ogg-vorbis: bf7c407c2cedff20999df2af8eb42d56 -> 
  custom:audio-encoder-webm-vorbis: bf7c407c2cedff20999df2af8eb42d56 -> 
AssetImportWorkerClient::OnTransportError - code=2 error=End of file
